[ 2014-09-09T00:10:29+08:00 ] ::1 /sssta/1/index.php/Home/Fresh/all
INFO: [ app_init ] --START--
INFO: Run Behavior\BuildLiteBehavior [ RunTime:0.000017s ]
INFO: [ app_init ] --END-- [ RunTime:0.039739s ]
INFO: [ app_begin ] --START--
INFO: Run Behavior\ReadHtmlCacheBehavior [ RunTime:0.046479s ]
INFO: [ app_begin ] --END-- [ RunTime:0.046558s ]
NOTIC: [2048] Declaration of Home\Controller\FreshController::success() should be compatible with Think\Controller::success($message = '', $jumpUrl = '', $ajax = false) E:\code\php\sssta\1\SSSTA\Home\Controller\FreshController.class.php 第 79 行.
NOTIC: [8192] mysql_connect(): The mysql extension is deprecated and will be removed in the future: use mysqli or PDO instead E:\code\php\sssta\1\ThinkPHP\Library\Think\Db\Driver\Mysql.class.php 第 52 行.
SQL: SHOW COLUMNS FROM `sssta_apply` [ RunTime:1.111819s ]
SQL: SELECT * FROM `sssta_apply`  [ RunTime:0.129845s ]
INFO: [ view_parse ] --START--
INFO: [ template_filter ] --START--
INFO: Run Behavior\ContentReplaceBehavior [ RunTime:0.000194s ]
INFO: [ template_filter ] --END-- [ RunTime:0.000321s ]
NOTIC: [8] Undefined variable: keys E:\code\php\sssta\1\SSSTA\Runtime\Cache\Home\72b6c60ee57549ee203e52ee2dcd5a43.php 第 124 行.
INFO: Run Behavior\ParseTemplateBehavior [ RunTime:0.181219s ]
INFO: [ view_parse ] --END-- [ RunTime:0.181342s ]
INFO: [ view_filter ] --START--
INFO: Run Behavior\WriteHtmlCacheBehavior [ RunTime:0.028297s ]
INFO: [ view_filter ] --END-- [ RunTime:0.028395s ]
INFO: [ app_end ] --START--
INFO: Run Behavior\ShowPageTraceBehavior [ RunTime:0.016908s ]
INFO: [ app_end ] --END-- [ RunTime:0.017113s ]

[ 2014-09-09T00:19:23+08:00 ] ::1 /sssta/1/index.php/Home/Fresh/all
INFO: [ app_init ] --START--
INFO: Run Behavior\BuildLiteBehavior [ RunTime:0.000020s ]
INFO: [ app_init ] --END-- [ RunTime:0.000682s ]
INFO: [ app_begin ] --START--
INFO: Run Behavior\ReadHtmlCacheBehavior [ RunTime:0.001097s ]
INFO: [ app_begin ] --END-- [ RunTime:0.001187s ]
NOTIC: [2048] Declaration of Home\Controller\FreshController::success() should be compatible with Think\Controller::success($message = '', $jumpUrl = '', $ajax = false) E:\code\php\sssta\1\SSSTA\Home\Controller\FreshController.class.php 第 79 行.
NOTIC: [8192] mysql_connect(): The mysql extension is deprecated and will be removed in the future: use mysqli or PDO instead E:\code\php\sssta\1\ThinkPHP\Library\Think\Db\Driver\Mysql.class.php 第 52 行.
SQL: SHOW COLUMNS FROM `sssta_apply` [ RunTime:0.005249s ]
SQL: SELECT * FROM `sssta_apply`  [ RunTime:0.001088s ]
INFO: [ view_parse ] --START--
INFO: [ template_filter ] --START--
INFO: Run Behavior\ContentReplaceBehavior [ RunTime:0.000075s ]
INFO: [ template_filter ] --END-- [ RunTime:0.000167s ]
NOTIC: [8] Undefined index: kid E:\code\php\sssta\1\SSSTA\Runtime\Cache\Home\72b6c60ee57549ee203e52ee2dcd5a43.php 第 37 行.
NOTIC: [8] Undefined index: key E:\code\php\sssta\1\SSSTA\Runtime\Cache\Home\72b6c60ee57549ee203e52ee2dcd5a43.php 第 37 行.
NOTIC: [8] Undefined index: content E:\code\php\sssta\1\SSSTA\Runtime\Cache\Home\72b6c60ee57549ee203e52ee2dcd5a43.php 第 38 行.
NOTIC: [8] Undefined index: kid E:\code\php\sssta\1\SSSTA\Runtime\Cache\Home\72b6c60ee57549ee203e52ee2dcd5a43.php 第 40 行.
NOTIC: [8] Undefined index: kid E:\code\php\sssta\1\SSSTA\Runtime\Cache\Home\72b6c60ee57549ee203e52ee2dcd5a43.php 第 37 行.
NOTIC: [8] Undefined index: key E:\code\php\sssta\1\SSSTA\Runtime\Cache\Home\72b6c60ee57549ee203e52ee2dcd5a43.php 第 37 行.
NOTIC: [8] Undefined index: content E:\code\php\sssta\1\SSSTA\Runtime\Cache\Home\72b6c60ee57549ee203e52ee2dcd5a43.php 第 38 行.
NOTIC: [8] Undefined index: kid E:\code\php\sssta\1\SSSTA\Runtime\Cache\Home\72b6c60ee57549ee203e52ee2dcd5a43.php 第 40 行.
NOTIC: [8] Undefined index: kid E:\code\php\sssta\1\SSSTA\Runtime\Cache\Home\72b6c60ee57549ee203e52ee2dcd5a43.php 第 37 行.
NOTIC: [8] Undefined index: key E:\code\php\sssta\1\SSSTA\Runtime\Cache\Home\72b6c60ee57549ee203e52ee2dcd5a43.php 第 37 行.
NOTIC: [8] Undefined index: content E:\code\php\sssta\1\SSSTA\Runtime\Cache\Home\72b6c60ee57549ee203e52ee2dcd5a43.php 第 38 行.
NOTIC: [8] Undefined index: kid E:\code\php\sssta\1\SSSTA\Runtime\Cache\Home\72b6c60ee57549ee203e52ee2dcd5a43.php 第 40 行.
NOTIC: [8] Undefined index: kid E:\code\php\sssta\1\SSSTA\Runtime\Cache\Home\72b6c60ee57549ee203e52ee2dcd5a43.php 第 37 行.
NOTIC: [8] Undefined index: key E:\code\php\sssta\1\SSSTA\Runtime\Cache\Home\72b6c60ee57549ee203e52ee2dcd5a43.php 第 37 行.
NOTIC: [8] Undefined index: content E:\code\php\sssta\1\SSSTA\Runtime\Cache\Home\72b6c60ee57549ee203e52ee2dcd5a43.php 第 38 行.
NOTIC: [8] Undefined index: kid E:\code\php\sssta\1\SSSTA\Runtime\Cache\Home\72b6c60ee57549ee203e52ee2dcd5a43.php 第 40 行.
NOTIC: [8] Undefined index: kid E:\code\php\sssta\1\SSSTA\Runtime\Cache\Home\72b6c60ee57549ee203e52ee2dcd5a43.php 第 37 行.
NOTIC: [8] Undefined index: key E:\code\php\sssta\1\SSSTA\Runtime\Cache\Home\72b6c60ee57549ee203e52ee2dcd5a43.php 第 37 行.
NOTIC: [8] Undefined index: content E:\code\php\sssta\1\SSSTA\Runtime\Cache\Home\72b6c60ee57549ee203e52ee2dcd5a43.php 第 38 行.
NOTIC: [8] Undefined index: kid E:\code\php\sssta\1\SSSTA\Runtime\Cache\Home\72b6c60ee57549ee203e52ee2dcd5a43.php 第 40 行.
NOTIC: [8] Undefined index: kid E:\code\php\sssta\1\SSSTA\Runtime\Cache\Home\72b6c60ee57549ee203e52ee2dcd5a43.php 第 37 行.
NOTIC: [8] Undefined index: key E:\code\php\sssta\1\SSSTA\Runtime\Cache\Home\72b6c60ee57549ee203e52ee2dcd5a43.php 第 37 行.
NOTIC: [8] Undefined index: content E:\code\php\sssta\1\SSSTA\Runtime\Cache\Home\72b6c60ee57549ee203e52ee2dcd5a43.php 第 38 行.
NOTIC: [8] Undefined index: kid E:\code\php\sssta\1\SSSTA\Runtime\Cache\Home\72b6c60ee57549ee203e52ee2dcd5a43.php 第 40 行.
NOTIC: [8] Undefined index: kid E:\code\php\sssta\1\SSSTA\Runtime\Cache\Home\72b6c60ee57549ee203e52ee2dcd5a43.php 第 37 行.
NOTIC: [8] Undefined index: key E:\code\php\sssta\1\SSSTA\Runtime\Cache\Home\72b6c60ee57549ee203e52ee2dcd5a43.php 第 37 行.
NOTIC: [8] Undefined index: content E:\code\php\sssta\1\SSSTA\Runtime\Cache\Home\72b6c60ee57549ee203e52ee2dcd5a43.php 第 38 行.
NOTIC: [8] Undefined index: kid E:\code\php\sssta\1\SSSTA\Runtime\Cache\Home\72b6c60ee57549ee203e52ee2dcd5a43.php 第 40 行.
NOTIC: [8] Undefined index: kid E:\code\php\sssta\1\SSSTA\Runtime\Cache\Home\72b6c60ee57549ee203e52ee2dcd5a43.php 第 37 行.
NOTIC: [8] Undefined index: key E:\code\php\sssta\1\SSSTA\Runtime\Cache\Home\72b6c60ee57549ee203e52ee2dcd5a43.php 第 37 行.
NOTIC: [8] Undefined index: content E:\code\php\sssta\1\SSSTA\Runtime\Cache\Home\72b6c60ee57549ee203e52ee2dcd5a43.php 第 38 行.
NOTIC: [8] Undefined index: kid E:\code\php\sssta\1\SSSTA\Runtime\Cache\Home\72b6c60ee57549ee203e52ee2dcd5a43.php 第 40 行.
NOTIC: [8] Undefined index: kid E:\code\php\sssta\1\SSSTA\Runtime\Cache\Home\72b6c60ee57549ee203e52ee2dcd5a43.php 第 37 行.
NOTIC: [8] Undefined index: key E:\code\php\sssta\1\SSSTA\Runtime\Cache\Home\72b6c60ee57549ee203e52ee2dcd5a43.php 第 37 行.
NOTIC: [8] Undefined index: content E:\code\php\sssta\1\SSSTA\Runtime\Cache\Home\72b6c60ee57549ee203e52ee2dcd5a43.php 第 38 行.
NOTIC: [8] Undefined index: kid E:\code\php\sssta\1\SSSTA\Runtime\Cache\Home\72b6c60ee57549ee203e52ee2dcd5a43.php 第 40 行.
NOTIC: [8] Undefined index: kid E:\code\php\sssta\1\SSSTA\Runtime\Cache\Home\72b6c60ee57549ee203e52ee2dcd5a43.php 第 37 行.
NOTIC: [8] Undefined index: key E:\code\php\sssta\1\SSSTA\Runtime\Cache\Home\72b6c60ee57549ee203e52ee2dcd5a43.php 第 37 行.
NOTIC: [8] Undefined index: content E:\code\php\sssta\1\SSSTA\Runtime\Cache\Home\72b6c60ee57549ee203e52ee2dcd5a43.php 第 38 行.
NOTIC: [8] Undefined index: kid E:\code\php\sssta\1\SSSTA\Runtime\Cache\Home\72b6c60ee57549ee203e52ee2dcd5a43.php 第 40 行.
NOTIC: [8] Undefined index: kid E:\code\php\sssta\1\SSSTA\Runtime\Cache\Home\72b6c60ee57549ee203e52ee2dcd5a43.php 第 37 行.
NOTIC: [8] Undefined index: key E:\code\php\sssta\1\SSSTA\Runtime\Cache\Home\72b6c60ee57549ee203e52ee2dcd5a43.php 第 37 行.
NOTIC: [8] Undefined index: content E:\code\php\sssta\1\SSSTA\Runtime\Cache\Home\72b6c60ee57549ee203e52ee2dcd5a43.php 第 38 行.
NOTIC: [8] Undefined index: kid E:\code\php\sssta\1\SSSTA\Runtime\Cache\Home\72b6c60ee57549ee203e52ee2dcd5a43.php 第 40 行.
INFO: Run Behavior\ParseTemplateBehavior [ RunTime:0.054712s ]
INFO: [ view_parse ] --END-- [ RunTime:0.054779s ]
INFO: [ view_filter ] --START--
INFO: Run Behavior\WriteHtmlCacheBehavior [ RunTime:0.000549s ]
INFO: [ view_filter ] --END-- [ RunTime:0.000598s ]
INFO: [ app_end ] --START--
INFO: Run Behavior\ShowPageTraceBehavior [ RunTime:0.000915s ]
INFO: [ app_end ] --END-- [ RunTime:0.000975s ]

[ 2014-09-09T00:19:55+08:00 ] ::1 /sssta/1/index.php/Home/Fresh/all
INFO: [ app_init ] --START--
INFO: Run Behavior\BuildLiteBehavior [ RunTime:0.000010s ]
INFO: [ app_init ] --END-- [ RunTime:0.000332s ]
INFO: [ app_begin ] --START--
INFO: Run Behavior\ReadHtmlCacheBehavior [ RunTime:0.000530s ]
INFO: [ app_begin ] --END-- [ RunTime:0.000568s ]
NOTIC: [2048] Declaration of Home\Controller\FreshController::success() should be compatible with Think\Controller::success($message = '', $jumpUrl = '', $ajax = false) E:\code\php\sssta\1\SSSTA\Home\Controller\FreshController.class.php 第 79 行.
NOTIC: [8192] mysql_connect(): The mysql extension is deprecated and will be removed in the future: use mysqli or PDO instead E:\code\php\sssta\1\ThinkPHP\Library\Think\Db\Driver\Mysql.class.php 第 52 行.
SQL: SHOW COLUMNS FROM `sssta_apply` [ RunTime:0.014004s ]
SQL: SELECT * FROM `sssta_apply`  [ RunTime:0.000726s ]
INFO: [ view_parse ] --START--
INFO: [ template_filter ] --START--
INFO: Run Behavior\ContentReplaceBehavior [ RunTime:0.000392s ]
INFO: [ template_filter ] --END-- [ RunTime:0.000499s ]
NOTIC: [8] Undefined index: key E:\code\php\sssta\1\SSSTA\Runtime\Cache\Home\72b6c60ee57549ee203e52ee2dcd5a43.php 第 35 行.
NOTIC: [8] Undefined index: content E:\code\php\sssta\1\SSSTA\Runtime\Cache\Home\72b6c60ee57549ee203e52ee2dcd5a43.php 第 36 行.
NOTIC: [8] Undefined index: kid E:\code\php\sssta\1\SSSTA\Runtime\Cache\Home\72b6c60ee57549ee203e52ee2dcd5a43.php 第 38 行.
NOTIC: [8] Undefined index: key E:\code\php\sssta\1\SSSTA\Runtime\Cache\Home\72b6c60ee57549ee203e52ee2dcd5a43.php 第 35 行.
NOTIC: [8] Undefined index: content E:\code\php\sssta\1\SSSTA\Runtime\Cache\Home\72b6c60ee57549ee203e52ee2dcd5a43.php 第 36 行.
NOTIC: [8] Undefined index: kid E:\code\php\sssta\1\SSSTA\Runtime\Cache\Home\72b6c60ee57549ee203e52ee2dcd5a43.php 第 38 行.
NOTIC: [8] Undefined index: key E:\code\php\sssta\1\SSSTA\Runtime\Cache\Home\72b6c60ee57549ee203e52ee2dcd5a43.php 第 35 行.
NOTIC: [8] Undefined index: content E:\code\php\sssta\1\SSSTA\Runtime\Cache\Home\72b6c60ee57549ee203e52ee2dcd5a43.php 第 36 行.
NOTIC: [8] Undefined index: kid E:\code\php\sssta\1\SSSTA\Runtime\Cache\Home\72b6c60ee57549ee203e52ee2dcd5a43.php 第 38 行.
NOTIC: [8] Undefined index: key E:\code\php\sssta\1\SSSTA\Runtime\Cache\Home\72b6c60ee57549ee203e52ee2dcd5a43.php 第 35 行.
NOTIC: [8] Undefined index: content E:\code\php\sssta\1\SSSTA\Runtime\Cache\Home\72b6c60ee57549ee203e52ee2dcd5a43.php 第 36 行.
NOTIC: [8] Undefined index: kid E:\code\php\sssta\1\SSSTA\Runtime\Cache\Home\72b6c60ee57549ee203e52ee2dcd5a43.php 第 38 行.
NOTIC: [8] Undefined index: key E:\code\php\sssta\1\SSSTA\Runtime\Cache\Home\72b6c60ee57549ee203e52ee2dcd5a43.php 第 35 行.
NOTIC: [8] Undefined index: content E:\code\php\sssta\1\SSSTA\Runtime\Cache\Home\72b6c60ee57549ee203e52ee2dcd5a43.php 第 36 行.
NOTIC: [8] Undefined index: kid E:\code\php\sssta\1\SSSTA\Runtime\Cache\Home\72b6c60ee57549ee203e52ee2dcd5a43.php 第 38 行.
NOTIC: [8] Undefined index: key E:\code\php\sssta\1\SSSTA\Runtime\Cache\Home\72b6c60ee57549ee203e52ee2dcd5a43.php 第 35 行.
NOTIC: [8] Undefined index: content E:\code\php\sssta\1\SSSTA\Runtime\Cache\Home\72b6c60ee57549ee203e52ee2dcd5a43.php 第 36 行.
NOTIC: [8] Undefined index: kid E:\code\php\sssta\1\SSSTA\Runtime\Cache\Home\72b6c60ee57549ee203e52ee2dcd5a43.php 第 38 行.
NOTIC: [8] Undefined index: key E:\code\php\sssta\1\SSSTA\Runtime\Cache\Home\72b6c60ee57549ee203e52ee2dcd5a43.php 第 35 行.
NOTIC: [8] Undefined index: content E:\code\php\sssta\1\SSSTA\Runtime\Cache\Home\72b6c60ee57549ee203e52ee2dcd5a43.php 第 36 行.
NOTIC: [8] Undefined index: kid E:\code\php\sssta\1\SSSTA\Runtime\Cache\Home\72b6c60ee57549ee203e52ee2dcd5a43.php 第 38 行.
NOTIC: [8] Undefined index: key E:\code\php\sssta\1\SSSTA\Runtime\Cache\Home\72b6c60ee57549ee203e52ee2dcd5a43.php 第 35 行.
NOTIC: [8] Undefined index: content E:\code\php\sssta\1\SSSTA\Runtime\Cache\Home\72b6c60ee57549ee203e52ee2dcd5a43.php 第 36 行.
NOTIC: [8] Undefined index: kid E:\code\php\sssta\1\SSSTA\Runtime\Cache\Home\72b6c60ee57549ee203e52ee2dcd5a43.php 第 38 行.
NOTIC: [8] Undefined index: key E:\code\php\sssta\1\SSSTA\Runtime\Cache\Home\72b6c60ee57549ee203e52ee2dcd5a43.php 第 35 行.
NOTIC: [8] Undefined index: content E:\code\php\sssta\1\SSSTA\Runtime\Cache\Home\72b6c60ee57549ee203e52ee2dcd5a43.php 第 36 行.
NOTIC: [8] Undefined index: kid E:\code\php\sssta\1\SSSTA\Runtime\Cache\Home\72b6c60ee57549ee203e52ee2dcd5a43.php 第 38 行.
NOTIC: [8] Undefined index: key E:\code\php\sssta\1\SSSTA\Runtime\Cache\Home\72b6c60ee57549ee203e52ee2dcd5a43.php 第 35 行.
NOTIC: [8] Undefined index: content E:\code\php\sssta\1\SSSTA\Runtime\Cache\Home\72b6c60ee57549ee203e52ee2dcd5a43.php 第 36 行.
NOTIC: [8] Undefined index: kid E:\code\php\sssta\1\SSSTA\Runtime\Cache\Home\72b6c60ee57549ee203e52ee2dcd5a43.php 第 38 行.
NOTIC: [8] Undefined index: key E:\code\php\sssta\1\SSSTA\Runtime\Cache\Home\72b6c60ee57549ee203e52ee2dcd5a43.php 第 35 行.
NOTIC: [8] Undefined index: content E:\code\php\sssta\1\SSSTA\Runtime\Cache\Home\72b6c60ee57549ee203e52ee2dcd5a43.php 第 36 行.
NOTIC: [8] Undefined index: kid E:\code\php\sssta\1\SSSTA\Runtime\Cache\Home\72b6c60ee57549ee203e52ee2dcd5a43.php 第 38 行.
INFO: Run Behavior\ParseTemplateBehavior [ RunTime:0.066937s ]
INFO: [ view_parse ] --END-- [ RunTime:0.067016s ]
INFO: [ view_filter ] --START--
INFO: Run Behavior\WriteHtmlCacheBehavior [ RunTime:0.000817s ]
INFO: [ view_filter ] --END-- [ RunTime:0.000876s ]
INFO: [ app_end ] --START--
INFO: Run Behavior\ShowPageTraceBehavior [ RunTime:0.001198s ]
INFO: [ app_end ] --END-- [ RunTime:0.001266s ]

[ 2014-09-09T00:20:06+08:00 ] ::1 /sssta/1/index.php/Home/Fresh/all
INFO: [ app_init ] --START--
INFO: Run Behavior\BuildLiteBehavior [ RunTime:0.000018s ]
INFO: [ app_init ] --END-- [ RunTime:0.000563s ]
INFO: [ app_begin ] --START--
INFO: Run Behavior\ReadHtmlCacheBehavior [ RunTime:0.000944s ]
INFO: [ app_begin ] --END-- [ RunTime:0.001014s ]
NOTIC: [2048] Declaration of Home\Controller\FreshController::success() should be compatible with Think\Controller::success($message = '', $jumpUrl = '', $ajax = false) E:\code\php\sssta\1\SSSTA\Home\Controller\FreshController.class.php 第 79 行.
NOTIC: [8192] mysql_connect(): The mysql extension is deprecated and will be removed in the future: use mysqli or PDO instead E:\code\php\sssta\1\ThinkPHP\Library\Think\Db\Driver\Mysql.class.php 第 52 行.
SQL: SHOW COLUMNS FROM `sssta_apply` [ RunTime:0.017173s ]
SQL: SELECT * FROM `sssta_apply`  [ RunTime:0.000850s ]
INFO: [ view_parse ] --START--
INFO: [ template_filter ] --START--
INFO: Run Behavior\ContentReplaceBehavior [ RunTime:0.000034s ]
INFO: [ template_filter ] --END-- [ RunTime:0.000073s ]
NOTIC: [8] Undefined index: content E:\code\php\sssta\1\SSSTA\Runtime\Cache\Home\72b6c60ee57549ee203e52ee2dcd5a43.php 第 36 行.
NOTIC: [8] Undefined index: kid E:\code\php\sssta\1\SSSTA\Runtime\Cache\Home\72b6c60ee57549ee203e52ee2dcd5a43.php 第 38 行.
NOTIC: [8] Undefined index: content E:\code\php\sssta\1\SSSTA\Runtime\Cache\Home\72b6c60ee57549ee203e52ee2dcd5a43.php 第 36 行.
NOTIC: [8] Undefined index: kid E:\code\php\sssta\1\SSSTA\Runtime\Cache\Home\72b6c60ee57549ee203e52ee2dcd5a43.php 第 38 行.
NOTIC: [8] Undefined index: content E:\code\php\sssta\1\SSSTA\Runtime\Cache\Home\72b6c60ee57549ee203e52ee2dcd5a43.php 第 36 行.
NOTIC: [8] Undefined index: kid E:\code\php\sssta\1\SSSTA\Runtime\Cache\Home\72b6c60ee57549ee203e52ee2dcd5a43.php 第 38 行.
NOTIC: [8] Undefined index: content E:\code\php\sssta\1\SSSTA\Runtime\Cache\Home\72b6c60ee57549ee203e52ee2dcd5a43.php 第 36 行.
NOTIC: [8] Undefined index: kid E:\code\php\sssta\1\SSSTA\Runtime\Cache\Home\72b6c60ee57549ee203e52ee2dcd5a43.php 第 38 行.
NOTIC: [8] Undefined index: content E:\code\php\sssta\1\SSSTA\Runtime\Cache\Home\72b6c60ee57549ee203e52ee2dcd5a43.php 第 36 行.
NOTIC: [8] Undefined index: kid E:\code\php\sssta\1\SSSTA\Runtime\Cache\Home\72b6c60ee57549ee203e52ee2dcd5a43.php 第 38 行.
NOTIC: [8] Undefined index: content E:\code\php\sssta\1\SSSTA\Runtime\Cache\Home\72b6c60ee57549ee203e52ee2dcd5a43.php 第 36 行.
NOTIC: [8] Undefined index: kid E:\code\php\sssta\1\SSSTA\Runtime\Cache\Home\72b6c60ee57549ee203e52ee2dcd5a43.php 第 38 行.
NOTIC: [8] Undefined index: content E:\code\php\sssta\1\SSSTA\Runtime\Cache\Home\72b6c60ee57549ee203e52ee2dcd5a43.php 第 36 行.
NOTIC: [8] Undefined index: kid E:\code\php\sssta\1\SSSTA\Runtime\Cache\Home\72b6c60ee57549ee203e52ee2dcd5a43.php 第 38 行.
NOTIC: [8] Undefined index: content E:\code\php\sssta\1\SSSTA\Runtime\Cache\Home\72b6c60ee57549ee203e52ee2dcd5a43.php 第 36 行.
NOTIC: [8] Undefined index: kid E:\code\php\sssta\1\SSSTA\Runtime\Cache\Home\72b6c60ee57549ee203e52ee2dcd5a43.php 第 38 行.
NOTIC: [8] Undefined index: content E:\code\php\sssta\1\SSSTA\Runtime\Cache\Home\72b6c60ee57549ee203e52ee2dcd5a43.php 第 36 行.
NOTIC: [8] Undefined index: kid E:\code\php\sssta\1\SSSTA\Runtime\Cache\Home\72b6c60ee57549ee203e52ee2dcd5a43.php 第 38 行.
NOTIC: [8] Undefined index: content E:\code\php\sssta\1\SSSTA\Runtime\Cache\Home\72b6c60ee57549ee203e52ee2dcd5a43.php 第 36 行.
NOTIC: [8] Undefined index: kid E:\code\php\sssta\1\SSSTA\Runtime\Cache\Home\72b6c60ee57549ee203e52ee2dcd5a43.php 第 38 行.
NOTIC: [8] Undefined index: content E:\code\php\sssta\1\SSSTA\Runtime\Cache\Home\72b6c60ee57549ee203e52ee2dcd5a43.php 第 36 行.
NOTIC: [8] Undefined index: kid E:\code\php\sssta\1\SSSTA\Runtime\Cache\Home\72b6c60ee57549ee203e52ee2dcd5a43.php 第 38 行.
INFO: Run Behavior\ParseTemplateBehavior [ RunTime:0.006367s ]
INFO: [ view_parse ] --END-- [ RunTime:0.006407s ]
INFO: [ view_filter ] --START--
INFO: Run Behavior\WriteHtmlCacheBehavior [ RunTime:0.000375s ]
INFO: [ view_filter ] --END-- [ RunTime:0.000406s ]
INFO: [ app_end ] --START--
INFO: Run Behavior\ShowPageTraceBehavior [ RunTime:0.000523s ]
INFO: [ app_end ] --END-- [ RunTime:0.000554s ]

[ 2014-09-09T00:22:50+08:00 ] ::1 /sssta/1/index.php/Home/Fresh/all
INFO: [ app_init ] --START--
INFO: Run Behavior\BuildLiteBehavior [ RunTime:0.000014s ]
INFO: [ app_init ] --END-- [ RunTime:0.000376s ]
INFO: [ app_begin ] --START--
INFO: Run Behavior\ReadHtmlCacheBehavior [ RunTime:0.000718s ]
INFO: [ app_begin ] --END-- [ RunTime:0.000766s ]
NOTIC: [2048] Declaration of Home\Controller\FreshController::success() should be compatible with Think\Controller::success($message = '', $jumpUrl = '', $ajax = false) E:\code\php\sssta\1\SSSTA\Home\Controller\FreshController.class.php 第 79 行.
NOTIC: [8192] mysql_connect(): The mysql extension is deprecated and will be removed in the future: use mysqli or PDO instead E:\code\php\sssta\1\ThinkPHP\Library\Think\Db\Driver\Mysql.class.php 第 52 行.
SQL: SHOW COLUMNS FROM `sssta_apply` [ RunTime:0.011990s ]
SQL: SELECT * FROM `sssta_apply`  [ RunTime:0.000375s ]
INFO: [ view_parse ] --START--
INFO: [ template_filter ] --START--
INFO: Run Behavior\ContentReplaceBehavior [ RunTime:0.000045s ]
INFO: [ template_filter ] --END-- [ RunTime:0.000091s ]
INFO: Run Behavior\ParseTemplateBehavior [ RunTime:0.008492s ]
INFO: [ view_parse ] --END-- [ RunTime:0.008552s ]
INFO: [ view_filter ] --START--
INFO: Run Behavior\WriteHtmlCacheBehavior [ RunTime:0.000570s ]
INFO: [ view_filter ] --END-- [ RunTime:0.000608s ]
INFO: [ app_end ] --START--
INFO: Run Behavior\ShowPageTraceBehavior [ RunTime:0.000696s ]
INFO: [ app_end ] --END-- [ RunTime:0.000737s ]

[ 2014-09-09T00:22:55+08:00 ] ::1 /sssta/1/index.php/Home/Fresh/all
INFO: [ app_init ] --START--
INFO: Run Behavior\BuildLiteBehavior [ RunTime:0.000013s ]
INFO: [ app_init ] --END-- [ RunTime:0.000363s ]
INFO: [ app_begin ] --START--
INFO: Run Behavior\ReadHtmlCacheBehavior [ RunTime:0.000619s ]
INFO: [ app_begin ] --END-- [ RunTime:0.000663s ]
NOTIC: [2048] Declaration of Home\Controller\FreshController::success() should be compatible with Think\Controller::success($message = '', $jumpUrl = '', $ajax = false) E:\code\php\sssta\1\SSSTA\Home\Controller\FreshController.class.php 第 79 行.
NOTIC: [8192] mysql_connect(): The mysql extension is deprecated and will be removed in the future: use mysqli or PDO instead E:\code\php\sssta\1\ThinkPHP\Library\Think\Db\Driver\Mysql.class.php 第 52 行.
SQL: SHOW COLUMNS FROM `sssta_apply` [ RunTime:0.004084s ]
SQL: SELECT * FROM `sssta_apply`  [ RunTime:0.000841s ]
INFO: [ view_parse ] --START--
INFO: [ template_filter ] --START--
INFO: Run Behavior\ContentReplaceBehavior [ RunTime:0.000042s ]
INFO: [ template_filter ] --END-- [ RunTime:0.000090s ]
INFO: Run Behavior\ParseTemplateBehavior [ RunTime:0.008960s ]
INFO: [ view_parse ] --END-- [ RunTime:0.009045s ]
INFO: [ view_filter ] --START--
INFO: Run Behavior\WriteHtmlCacheBehavior [ RunTime:0.000753s ]
INFO: [ view_filter ] --END-- [ RunTime:0.000808s ]
INFO: [ app_end ] --START--
INFO: Run Behavior\ShowPageTraceBehavior [ RunTime:0.000798s ]
INFO: [ app_end ] --END-- [ RunTime:0.000840s ]

[ 2014-09-09T00:23:11+08:00 ] ::1 /sssta/1/index.php/Home/Fresh/all
INFO: [ app_init ] --START--
INFO: Run Behavior\BuildLiteBehavior [ RunTime:0.000012s ]
INFO: [ app_init ] --END-- [ RunTime:0.000275s ]
INFO: [ app_begin ] --START--
INFO: Run Behavior\ReadHtmlCacheBehavior [ RunTime:0.000491s ]
INFO: [ app_begin ] --END-- [ RunTime:0.000527s ]
NOTIC: [2048] Declaration of Home\Controller\FreshController::success() should be compatible with Think\Controller::success($message = '', $jumpUrl = '', $ajax = false) E:\code\php\sssta\1\SSSTA\Home\Controller\FreshController.class.php 第 79 行.
NOTIC: [8192] mysql_connect(): The mysql extension is deprecated and will be removed in the future: use mysqli or PDO instead E:\code\php\sssta\1\ThinkPHP\Library\Think\Db\Driver\Mysql.class.php 第 52 行.
SQL: SHOW COLUMNS FROM `sssta_apply` [ RunTime:0.016143s ]
SQL: SELECT * FROM `sssta_apply`  [ RunTime:0.000371s ]
INFO: [ view_parse ] --START--
INFO: [ template_filter ] --START--
INFO: Run Behavior\ContentReplaceBehavior [ RunTime:0.000035s ]
INFO: [ template_filter ] --END-- [ RunTime:0.000074s ]
INFO: Run Behavior\ParseTemplateBehavior [ RunTime:0.029396s ]
INFO: [ view_parse ] --END-- [ RunTime:0.029446s ]
INFO: [ view_filter ] --START--
INFO: Run Behavior\WriteHtmlCacheBehavior [ RunTime:0.000383s ]
INFO: [ view_filter ] --END-- [ RunTime:0.000413s ]
INFO: [ app_end ] --START--
INFO: Run Behavior\ShowPageTraceBehavior [ RunTime:0.000617s ]
INFO: [ app_end ] --END-- [ RunTime:0.000657s ]

