[ 2014-09-10T15:59:18+08:00 ] ::1 /1/index.php/Home/Xdu/rsinvite
INFO: [ app_init ] --START--
INFO: Run Behavior\BuildLiteBehavior [ RunTime:0.000048s ]
INFO: [ app_init ] --END-- [ RunTime:0.068732s ]
INFO: [ app_begin ] --START--
INFO: Run Behavior\ReadHtmlCacheBehavior [ RunTime:0.028030s ]
INFO: [ app_begin ] --END-- [ RunTime:0.028210s ]
NOTIC: [8192] mysql_connect(): The mysql extension is deprecated and will be removed in the future: use mysqli or PDO instead E:\code\php\sssta\1\ThinkPHP\Library\Think\Db\Driver\Mysql.class.php 第 52 行.
SQL: SHOW COLUMNS FROM `sssta_rs_invite` [ RunTime:0.107864s ]
SQL: SELECT * FROM `sssta_rs_invite` WHERE ( `used` = 0 ) LIMIT 1   [ RunTime:0.000992s ]
NOTIC: [8] Undefined index: id E:\code\php\sssta\1\SSSTA\Home\Controller\XduController.class.php 第 12 行.
SQL: UPDATE `sssta_rs_invite` SET `used`=1,`wechatid`='' WHERE ( `id` = null ) [ RunTime:0.108058s ]
INFO: [ view_parse ] --START--
INFO: [ template_filter ] --START--
INFO: Run Behavior\ContentReplaceBehavior [ RunTime:0.000092s ]
INFO: [ template_filter ] --END-- [ RunTime:0.000258s ]
INFO: Run Behavior\ParseTemplateBehavior [ RunTime:0.333387s ]
INFO: [ view_parse ] --END-- [ RunTime:0.333513s ]
INFO: [ view_filter ] --START--
INFO: Run Behavior\WriteHtmlCacheBehavior [ RunTime:0.002083s ]
INFO: [ view_filter ] --END-- [ RunTime:0.002210s ]
INFO: [ app_end ] --START--
INFO: Run Behavior\ShowPageTraceBehavior [ RunTime:0.004490s ]
INFO: [ app_end ] --END-- [ RunTime:0.004656s ]

[ 2014-09-10T16:01:23+08:00 ] ::1 /1/index.php/Home/Xdu/rsinvite
INFO: [ app_init ] --START--
INFO: Run Behavior\BuildLiteBehavior [ RunTime:0.000027s ]
INFO: [ app_init ] --END-- [ RunTime:0.000523s ]
INFO: [ app_begin ] --START--
INFO: Run Behavior\ReadHtmlCacheBehavior [ RunTime:0.000835s ]
INFO: [ app_begin ] --END-- [ RunTime:0.000921s ]
NOTIC: [8192] mysql_connect(): The mysql extension is deprecated and will be removed in the future: use mysqli or PDO instead E:\code\php\sssta\1\ThinkPHP\Library\Think\Db\Driver\Mysql.class.php 第 52 行.
SQL: SHOW COLUMNS FROM `sssta_rs_invite` [ RunTime:0.028053s ]
SQL: SELECT * FROM `sssta_rs_invite` WHERE ( `used` = 0 ) LIMIT 1   [ RunTime:0.000271s ]
NOTIC: [8] Undefined index: id E:\code\php\sssta\1\SSSTA\Home\Controller\XduController.class.php 第 12 行.
SQL: UPDATE `sssta_rs_invite` SET `used`=1,`wechatid`='' WHERE ( `id` = null ) [ RunTime:0.000195s ]
INFO: [ view_parse ] --START--
INFO: [ template_filter ] --START--
INFO: Run Behavior\ContentReplaceBehavior [ RunTime:0.000030s ]
INFO: [ template_filter ] --END-- [ RunTime:0.000072s ]
INFO: Run Behavior\ParseTemplateBehavior [ RunTime:0.004657s ]
INFO: [ view_parse ] --END-- [ RunTime:0.004708s ]
INFO: [ view_filter ] --START--
INFO: Run Behavior\WriteHtmlCacheBehavior [ RunTime:0.000288s ]
INFO: [ view_filter ] --END-- [ RunTime:0.000327s ]
INFO: [ app_end ] --START--
INFO: Run Behavior\ShowPageTraceBehavior [ RunTime:0.000529s ]
INFO: [ app_end ] --END-- [ RunTime:0.000571s ]

[ 2014-09-10T16:01:51+08:00 ] ::1 /1/index.php/Home/Xdu/rsinvite
INFO: [ app_init ] --START--
INFO: Run Behavior\BuildLiteBehavior [ RunTime:0.000012s ]
INFO: [ app_init ] --END-- [ RunTime:0.000406s ]
INFO: [ app_begin ] --START--
INFO: Run Behavior\ReadHtmlCacheBehavior [ RunTime:0.000578s ]
INFO: [ app_begin ] --END-- [ RunTime:0.000636s ]
NOTIC: [8192] mysql_connect(): The mysql extension is deprecated and will be removed in the future: use mysqli or PDO instead E:\code\php\sssta\1\ThinkPHP\Library\Think\Db\Driver\Mysql.class.php 第 52 行.
SQL: SHOW COLUMNS FROM `sssta_rs_invite` [ RunTime:0.002568s ]
SQL: SELECT * FROM `sssta_rs_invite` WHERE ( `used` = 0 ) LIMIT 1   [ RunTime:0.000300s ]
NOTIC: [8] Undefined index: id E:\code\php\sssta\1\SSSTA\Home\Controller\XduController.class.php 第 12 行.
SQL: UPDATE `sssta_rs_invite` SET `used`=1,`wechatid`='' WHERE ( `id` = null ) [ RunTime:0.000202s ]
INFO: [ view_parse ] --START--
INFO: [ template_filter ] --START--
INFO: Run Behavior\ContentReplaceBehavior [ RunTime:0.000044s ]
INFO: [ template_filter ] --END-- [ RunTime:0.000104s ]
INFO: Run Behavior\ParseTemplateBehavior [ RunTime:0.006458s ]
INFO: [ view_parse ] --END-- [ RunTime:0.006524s ]
INFO: [ view_filter ] --START--
INFO: Run Behavior\WriteHtmlCacheBehavior [ RunTime:0.000326s ]
INFO: [ view_filter ] --END-- [ RunTime:0.000372s ]
INFO: [ app_end ] --START--
INFO: Run Behavior\ShowPageTraceBehavior [ RunTime:0.000426s ]
INFO: [ app_end ] --END-- [ RunTime:0.000465s ]

[ 2014-09-10T16:03:29+08:00 ] ::1 /1/index.php/Home/Xdu/rsinvite
INFO: [ app_init ] --START--
INFO: Run Behavior\BuildLiteBehavior [ RunTime:0.000012s ]
INFO: [ app_init ] --END-- [ RunTime:0.000270s ]
INFO: [ app_begin ] --START--
INFO: Run Behavior\ReadHtmlCacheBehavior [ RunTime:0.000451s ]
INFO: [ app_begin ] --END-- [ RunTime:0.000503s ]
NOTIC: [8192] mysql_connect(): The mysql extension is deprecated and will be removed in the future: use mysqli or PDO instead E:\code\php\sssta\1\ThinkPHP\Library\Think\Db\Driver\Mysql.class.php 第 52 行.
SQL: SHOW COLUMNS FROM `sssta_rs_invite` [ RunTime:0.011557s ]
SQL: SELECT * FROM `sssta_rs_invite` WHERE ( `used` = 0 ) LIMIT 1   [ RunTime:0.000340s ]
NOTIC: [8] Undefined index: id E:\code\php\sssta\1\SSSTA\Home\Controller\XduController.class.php 第 12 行.
SQL: UPDATE `sssta_rs_invite` SET `used`=1,`wechatid`='' WHERE ( `id` = null ) [ RunTime:0.000170s ]
INFO: [ view_parse ] --START--
INFO: [ template_filter ] --START--
INFO: Run Behavior\ContentReplaceBehavior [ RunTime:0.000028s ]
INFO: [ template_filter ] --END-- [ RunTime:0.000064s ]
INFO: Run Behavior\ParseTemplateBehavior [ RunTime:0.004008s ]
INFO: [ view_parse ] --END-- [ RunTime:0.004080s ]
INFO: [ view_filter ] --START--
INFO: Run Behavior\WriteHtmlCacheBehavior [ RunTime:0.000179s ]
INFO: [ view_filter ] --END-- [ RunTime:0.000215s ]
INFO: [ app_end ] --START--
INFO: Run Behavior\ShowPageTraceBehavior [ RunTime:0.000421s ]
INFO: [ app_end ] --END-- [ RunTime:0.000460s ]

[ 2014-09-10T16:03:35+08:00 ] ::1 /1/index.php/Home/Xdu/rsinvite
INFO: [ app_init ] --START--
INFO: Run Behavior\BuildLiteBehavior [ RunTime:0.000019s ]
INFO: [ app_init ] --END-- [ RunTime:0.000494s ]
INFO: [ app_begin ] --START--
INFO: Run Behavior\ReadHtmlCacheBehavior [ RunTime:0.000787s ]
INFO: [ app_begin ] --END-- [ RunTime:0.000880s ]
NOTIC: [8192] mysql_connect(): The mysql extension is deprecated and will be removed in the future: use mysqli or PDO instead E:\code\php\sssta\1\ThinkPHP\Library\Think\Db\Driver\Mysql.class.php 第 52 行.
SQL: SHOW COLUMNS FROM `sssta_rs_invite` [ RunTime:0.003767s ]
SQL: SELECT * FROM `sssta_rs_invite` WHERE ( `used` = 0 ) LIMIT 1   [ RunTime:0.000257s ]
NOTIC: [8] Undefined index: id E:\code\php\sssta\1\SSSTA\Home\Controller\XduController.class.php 第 12 行.
SQL: UPDATE `sssta_rs_invite` SET `used`=1,`wechatid`='' WHERE ( `id` = null ) [ RunTime:0.000169s ]
INFO: [ view_parse ] --START--
INFO: [ template_filter ] --START--
INFO: Run Behavior\ContentReplaceBehavior [ RunTime:0.000028s ]
INFO: [ template_filter ] --END-- [ RunTime:0.000066s ]
INFO: Run Behavior\ParseTemplateBehavior [ RunTime:0.004243s ]
INFO: [ view_parse ] --END-- [ RunTime:0.004283s ]
INFO: [ view_filter ] --START--
INFO: Run Behavior\WriteHtmlCacheBehavior [ RunTime:0.000151s ]
INFO: [ view_filter ] --END-- [ RunTime:0.000175s ]
INFO: [ app_end ] --START--
INFO: Run Behavior\ShowPageTraceBehavior [ RunTime:0.000332s ]
INFO: [ app_end ] --END-- [ RunTime:0.000369s ]

[ 2014-09-10T16:03:45+08:00 ] ::1 /1/index.php/Home/Xdu/rsinvite
INFO: [ app_init ] --START--
INFO: Run Behavior\BuildLiteBehavior [ RunTime:0.000022s ]
INFO: [ app_init ] --END-- [ RunTime:0.000646s ]
INFO: [ app_begin ] --START--
INFO: Run Behavior\ReadHtmlCacheBehavior [ RunTime:0.000834s ]
INFO: [ app_begin ] --END-- [ RunTime:0.000980s ]
NOTIC: [8192] mysql_connect(): The mysql extension is deprecated and will be removed in the future: use mysqli or PDO instead E:\code\php\sssta\1\ThinkPHP\Library\Think\Db\Driver\Mysql.class.php 第 52 行.
SQL: SHOW COLUMNS FROM `sssta_rs_invite` [ RunTime:0.002842s ]
SQL: SELECT * FROM `sssta_rs_invite` WHERE ( `used` = 0 ) LIMIT 1   [ RunTime:0.000351s ]
NOTIC: [8] Undefined index: id E:\code\php\sssta\1\SSSTA\Home\Controller\XduController.class.php 第 12 行.
SQL: UPDATE `sssta_rs_invite` SET `used`=1,`wechatid`='' WHERE ( `id` = null ) [ RunTime:0.000202s ]
INFO: [ view_parse ] --START--
INFO: [ template_filter ] --START--
INFO: Run Behavior\ContentReplaceBehavior [ RunTime:0.000037s ]
INFO: [ template_filter ] --END-- [ RunTime:0.000092s ]
INFO: Run Behavior\ParseTemplateBehavior [ RunTime:0.005328s ]
INFO: [ view_parse ] --END-- [ RunTime:0.005399s ]
INFO: [ view_filter ] --START--
INFO: Run Behavior\WriteHtmlCacheBehavior [ RunTime:0.000285s ]
INFO: [ view_filter ] --END-- [ RunTime:0.000345s ]
INFO: [ app_end ] --START--
INFO: Run Behavior\ShowPageTraceBehavior [ RunTime:0.000620s ]
INFO: [ app_end ] --END-- [ RunTime:0.000684s ]

[ 2014-09-10T16:13:13+08:00 ] ::1 /1/index.php/Home/Xdu/rsinvite
INFO: [ app_init ] --START--
INFO: Run Behavior\BuildLiteBehavior [ RunTime:0.000021s ]
INFO: [ app_init ] --END-- [ RunTime:0.000603s ]
INFO: [ app_begin ] --START--
INFO: Run Behavior\ReadHtmlCacheBehavior [ RunTime:0.001714s ]
INFO: [ app_begin ] --END-- [ RunTime:0.001819s ]
INFO: [ view_parse ] --START--
INFO: [ template_filter ] --START--
INFO: Run Behavior\ContentReplaceBehavior [ RunTime:0.000049s ]
INFO: [ template_filter ] --END-- [ RunTime:0.000122s ]
INFO: Run Behavior\ParseTemplateBehavior [ RunTime:0.007193s ]
INFO: [ view_parse ] --END-- [ RunTime:0.007257s ]
INFO: [ view_filter ] --START--
INFO: Run Behavior\WriteHtmlCacheBehavior [ RunTime:0.000285s ]
INFO: [ view_filter ] --END-- [ RunTime:0.000319s ]
INFO: [ app_end ] --START--
INFO: Run Behavior\ShowPageTraceBehavior [ RunTime:0.000502s ]
INFO: [ app_end ] --END-- [ RunTime:0.000540s ]

[ 2014-09-10T16:13:35+08:00 ] ::1 /1/index.php/Home/Xdu/rscheck?sid=1&name=1
INFO: [ app_init ] --START--
INFO: Run Behavior\BuildLiteBehavior [ RunTime:0.000014s ]
INFO: [ app_init ] --END-- [ RunTime:0.000996s ]
INFO: [ app_begin ] --START--
INFO: Run Behavior\ReadHtmlCacheBehavior [ RunTime:0.000510s ]
INFO: [ app_begin ] --END-- [ RunTime:0.000570s ]
NOTIC: [8192] mysql_connect(): The mysql extension is deprecated and will be removed in the future: use mysqli or PDO instead E:\code\php\sssta\1\ThinkPHP\Library\Think\Db\Driver\Mysql.class.php 第 52 行.
SQL: SHOW COLUMNS FROM `sssta_rs_invite` [ RunTime:0.043112s ]
SQL: SELECT COUNT(*) AS tp_count FROM `sssta_rs_invite` WHERE ( `sid` = '1' ) LIMIT 1   [ RunTime:0.148464s ]
SQL: SELECT * FROM `sssta_rs_invite` WHERE ( `used` = 0 ) LIMIT 1   [ RunTime:0.000684s ]
NOTIC: [8] Undefined index: id E:\code\php\sssta\1\SSSTA\Home\Controller\XduController.class.php 第 19 行.
SQL: UPDATE `sssta_rs_invite` SET `sid`='1',`name`='1',`used`=1 WHERE ( `id` = null ) [ RunTime:0.000554s ]
INFO: [ view_parse ] --START--
INFO: [ template_filter ] --START--
INFO: Run Behavior\ContentReplaceBehavior [ RunTime:0.000082s ]
INFO: [ template_filter ] --END-- [ RunTime:0.000213s ]
INFO: Run Behavior\ParseTemplateBehavior [ RunTime:0.014651s ]
INFO: [ view_parse ] --END-- [ RunTime:0.014844s ]
INFO: [ view_filter ] --START--
INFO: Run Behavior\WriteHtmlCacheBehavior [ RunTime:0.000726s ]
INFO: [ view_filter ] --END-- [ RunTime:0.000848s ]
INFO: [ app_end ] --START--
INFO: Run Behavior\ShowPageTraceBehavior [ RunTime:0.001164s ]
INFO: [ app_end ] --END-- [ RunTime:0.001268s ]

[ 2014-09-10T16:16:40+08:00 ] ::1 /1/index.php/Home/Xdu/rscheck?sid=1&name=1
INFO: [ app_init ] --START--
INFO: Run Behavior\BuildLiteBehavior [ RunTime:0.000016s ]
INFO: [ app_init ] --END-- [ RunTime:0.000431s ]
INFO: [ app_begin ] --START--
INFO: Run Behavior\ReadHtmlCacheBehavior [ RunTime:0.000503s ]
INFO: [ app_begin ] --END-- [ RunTime:0.000548s ]
NOTIC: [8192] mysql_connect(): The mysql extension is deprecated and will be removed in the future: use mysqli or PDO instead E:\code\php\sssta\1\ThinkPHP\Library\Think\Db\Driver\Mysql.class.php 第 52 行.
SQL: SHOW COLUMNS FROM `sssta_rs_invite` [ RunTime:0.003660s ]
SQL: SELECT COUNT(*) AS tp_count FROM `sssta_rs_invite` WHERE ( `sid` = '1' ) LIMIT 1   [ RunTime:0.000289s ]
SQL: SELECT * FROM `sssta_rs_invite` WHERE ( `used` = 0 ) LIMIT 1   [ RunTime:0.000206s ]
NOTIC: [8] Undefined index: id E:\code\php\sssta\1\SSSTA\Home\Controller\XduController.class.php 第 19 行.
SQL: UPDATE `sssta_rs_invite` SET `sid`='1',`name`='1',`used`=1 WHERE ( `id` = null ) [ RunTime:0.000180s ]
INFO: [ view_parse ] --START--
INFO: [ template_filter ] --START--
INFO: Run Behavior\ContentReplaceBehavior [ RunTime:0.000029s ]
INFO: [ template_filter ] --END-- [ RunTime:0.000068s ]
INFO: Run Behavior\ParseTemplateBehavior [ RunTime:0.004923s ]
INFO: [ view_parse ] --END-- [ RunTime:0.004974s ]
INFO: [ view_filter ] --START--
INFO: Run Behavior\WriteHtmlCacheBehavior [ RunTime:0.000253s ]
INFO: [ view_filter ] --END-- [ RunTime:0.000283s ]
INFO: [ app_end ] --START--
INFO: Run Behavior\ShowPageTraceBehavior [ RunTime:0.000482s ]
INFO: [ app_end ] --END-- [ RunTime:0.000517s ]

[ 2014-09-10T16:16:43+08:00 ] ::1 /1/index.php/Home/Xdu/rscheck?sid=1&name=1
INFO: [ app_init ] --START--
INFO: Run Behavior\BuildLiteBehavior [ RunTime:0.000016s ]
INFO: [ app_init ] --END-- [ RunTime:0.000309s ]
INFO: [ app_begin ] --START--
INFO: Run Behavior\ReadHtmlCacheBehavior [ RunTime:0.001013s ]
INFO: [ app_begin ] --END-- [ RunTime:0.001157s ]
NOTIC: [8192] mysql_connect(): The mysql extension is deprecated and will be removed in the future: use mysqli or PDO instead E:\code\php\sssta\1\ThinkPHP\Library\Think\Db\Driver\Mysql.class.php 第 52 行.
SQL: SHOW COLUMNS FROM `sssta_rs_invite` [ RunTime:0.002388s ]
SQL: SELECT COUNT(*) AS tp_count FROM `sssta_rs_invite` WHERE ( `sid` = '1' ) LIMIT 1   [ RunTime:0.000229s ]
SQL: SELECT * FROM `sssta_rs_invite` WHERE ( `used` = 0 ) LIMIT 1   [ RunTime:0.000182s ]
NOTIC: [8] Undefined index: id E:\code\php\sssta\1\SSSTA\Home\Controller\XduController.class.php 第 19 行.
SQL: UPDATE `sssta_rs_invite` SET `sid`='1',`name`='1',`used`=1 WHERE ( `id` = null ) [ RunTime:0.000175s ]
INFO: [ view_parse ] --START--
INFO: [ template_filter ] --START--
INFO: Run Behavior\ContentReplaceBehavior [ RunTime:0.000026s ]
INFO: [ template_filter ] --END-- [ RunTime:0.000060s ]
INFO: Run Behavior\ParseTemplateBehavior [ RunTime:0.004087s ]
INFO: [ view_parse ] --END-- [ RunTime:0.004144s ]
INFO: [ view_filter ] --START--
INFO: Run Behavior\WriteHtmlCacheBehavior [ RunTime:0.000268s ]
INFO: [ view_filter ] --END-- [ RunTime:0.000313s ]
INFO: [ app_end ] --START--
INFO: Run Behavior\ShowPageTraceBehavior [ RunTime:0.000523s ]
INFO: [ app_end ] --END-- [ RunTime:0.000571s ]

[ 2014-09-10T16:16:44+08:00 ] ::1 /1/index.php/Home/Xdu/rscheck?sid=1&name=1
INFO: [ app_init ] --START--
INFO: Run Behavior\BuildLiteBehavior [ RunTime:0.000011s ]
INFO: [ app_init ] --END-- [ RunTime:0.000274s ]
INFO: [ app_begin ] --START--
INFO: Run Behavior\ReadHtmlCacheBehavior [ RunTime:0.000460s ]
INFO: [ app_begin ] --END-- [ RunTime:0.000520s ]
NOTIC: [8192] mysql_connect(): The mysql extension is deprecated and will be removed in the future: use mysqli or PDO instead E:\code\php\sssta\1\ThinkPHP\Library\Think\Db\Driver\Mysql.class.php 第 52 行.
SQL: SHOW COLUMNS FROM `sssta_rs_invite` [ RunTime:0.002375s ]
SQL: SELECT COUNT(*) AS tp_count FROM `sssta_rs_invite` WHERE ( `sid` = '1' ) LIMIT 1   [ RunTime:0.000222s ]
SQL: SELECT * FROM `sssta_rs_invite` WHERE ( `used` = 0 ) LIMIT 1   [ RunTime:0.000188s ]
NOTIC: [8] Undefined index: id E:\code\php\sssta\1\SSSTA\Home\Controller\XduController.class.php 第 19 行.
SQL: UPDATE `sssta_rs_invite` SET `sid`='1',`name`='1',`used`=1 WHERE ( `id` = null ) [ RunTime:0.000151s ]
INFO: [ view_parse ] --START--
INFO: [ template_filter ] --START--
INFO: Run Behavior\ContentReplaceBehavior [ RunTime:0.000026s ]
INFO: [ template_filter ] --END-- [ RunTime:0.000064s ]
INFO: Run Behavior\ParseTemplateBehavior [ RunTime:0.004048s ]
INFO: [ view_parse ] --END-- [ RunTime:0.004119s ]
INFO: [ view_filter ] --START--
INFO: Run Behavior\WriteHtmlCacheBehavior [ RunTime:0.000259s ]
INFO: [ view_filter ] --END-- [ RunTime:0.000295s ]
INFO: [ app_end ] --START--
INFO: Run Behavior\ShowPageTraceBehavior [ RunTime:0.000315s ]
INFO: [ app_end ] --END-- [ RunTime:0.000344s ]

[ 2014-09-10T16:17:38+08:00 ] ::1 /1/index.php/Home/Xdu/rscheck?sid=1&name=1
INFO: [ app_init ] --START--
INFO: Run Behavior\BuildLiteBehavior [ RunTime:0.000032s ]
INFO: [ app_init ] --END-- [ RunTime:0.000796s ]
INFO: [ app_begin ] --START--
INFO: Run Behavior\ReadHtmlCacheBehavior [ RunTime:0.000951s ]
INFO: [ app_begin ] --END-- [ RunTime:0.001069s ]
NOTIC: [8192] mysql_connect(): The mysql extension is deprecated and will be removed in the future: use mysqli or PDO instead E:\code\php\sssta\1\ThinkPHP\Library\Think\Db\Driver\Mysql.class.php 第 52 行.
SQL: SHOW COLUMNS FROM `sssta_rs_invite` [ RunTime:0.002375s ]
SQL: SELECT COUNT(*) AS tp_count FROM `sssta_rs_invite` WHERE ( `sid` = '1' ) LIMIT 1   [ RunTime:0.000264s ]
SQL: SELECT * FROM `sssta_rs_invite` WHERE ( `used` = 0 ) LIMIT 1   [ RunTime:0.000194s ]
NOTIC: [8] Undefined index: id E:\code\php\sssta\1\SSSTA\Home\Controller\XduController.class.php 第 19 行.
SQL: UPDATE `sssta_rs_invite` SET `sid`='1',`name`='1',`used`=1 WHERE ( `id` = null ) [ RunTime:0.000147s ]
INFO: [ view_parse ] --START--
INFO: [ template_filter ] --START--
INFO: Run Behavior\ContentReplaceBehavior [ RunTime:0.000042s ]
INFO: [ template_filter ] --END-- [ RunTime:0.000106s ]
INFO: Run Behavior\ParseTemplateBehavior [ RunTime:0.004514s ]
INFO: [ view_parse ] --END-- [ RunTime:0.004591s ]
INFO: [ view_filter ] --START--
INFO: Run Behavior\WriteHtmlCacheBehavior [ RunTime:0.000316s ]
INFO: [ view_filter ] --END-- [ RunTime:0.000365s ]
NOTIC: [2] Cannot modify header information - headers already sent by (output started at E:\code\php\sssta\1\ThinkPHP\Common\functions.php:758) E:\code\php\sssta\1\ThinkPHP\Library\Think\View.class.php 第 91 行.
NOTIC: [2] Cannot modify header information - headers already sent by (output started at E:\code\php\sssta\1\ThinkPHP\Common\functions.php:758) E:\code\php\sssta\1\ThinkPHP\Library\Think\View.class.php 第 92 行.
NOTIC: [2] Cannot modify header information - headers already sent by (output started at E:\code\php\sssta\1\ThinkPHP\Common\functions.php:758) E:\code\php\sssta\1\ThinkPHP\Library\Think\View.class.php 第 93 行.
INFO: [ app_end ] --START--
INFO: Run Behavior\ShowPageTraceBehavior [ RunTime:0.000406s ]
INFO: [ app_end ] --END-- [ RunTime:0.000444s ]

[ 2014-09-10T16:20:53+08:00 ] ::1 /1/index.php/Home/Xdu/rscheck?sid=1&name=1
INFO: [ app_init ] --START--
INFO: Run Behavior\BuildLiteBehavior [ RunTime:0.000016s ]
INFO: [ app_init ] --END-- [ RunTime:0.000463s ]
INFO: [ app_begin ] --START--
INFO: Run Behavior\ReadHtmlCacheBehavior [ RunTime:0.000713s ]
INFO: [ app_begin ] --END-- [ RunTime:0.000795s ]
NOTIC: [8192] mysql_connect(): The mysql extension is deprecated and will be removed in the future: use mysqli or PDO instead E:\code\php\sssta\1\ThinkPHP\Library\Think\Db\Driver\Mysql.class.php 第 52 行.
SQL: SHOW COLUMNS FROM `sssta_rs_invite` [ RunTime:0.002773s ]
SQL: SELECT COUNT(*) AS tp_count FROM `sssta_rs_invite` WHERE ( `sid` = '1' ) LIMIT 1   [ RunTime:0.000240s ]
SQL: SELECT * FROM `sssta_rs_invite` WHERE ( `used` = 0 ) LIMIT 1   [ RunTime:0.000232s ]
SQL: UPDATE `sssta_rs_invite` SET `sid`='1',`name`='1',`used`=1 WHERE ( `id` = 22261 ) [ RunTime:0.055577s ]
INFO: [ view_parse ] --START--
INFO: [ template_filter ] --START--
INFO: Run Behavior\ContentReplaceBehavior [ RunTime:0.000027s ]
INFO: [ template_filter ] --END-- [ RunTime:0.000073s ]
INFO: Run Behavior\ParseTemplateBehavior [ RunTime:0.004461s ]
INFO: [ view_parse ] --END-- [ RunTime:0.004506s ]
INFO: [ view_filter ] --START--
INFO: Run Behavior\WriteHtmlCacheBehavior [ RunTime:0.000259s ]
INFO: [ view_filter ] --END-- [ RunTime:0.000286s ]
NOTIC: [2] Cannot modify header information - headers already sent by (output started at E:\code\php\sssta\1\ThinkPHP\Common\functions.php:758) E:\code\php\sssta\1\ThinkPHP\Library\Think\View.class.php 第 91 行.
NOTIC: [2] Cannot modify header information - headers already sent by (output started at E:\code\php\sssta\1\ThinkPHP\Common\functions.php:758) E:\code\php\sssta\1\ThinkPHP\Library\Think\View.class.php 第 92 行.
NOTIC: [2] Cannot modify header information - headers already sent by (output started at E:\code\php\sssta\1\ThinkPHP\Common\functions.php:758) E:\code\php\sssta\1\ThinkPHP\Library\Think\View.class.php 第 93 行.
INFO: [ app_end ] --START--
INFO: Run Behavior\ShowPageTraceBehavior [ RunTime:0.000409s ]
INFO: [ app_end ] --END-- [ RunTime:0.000440s ]

[ 2014-09-10T16:21:02+08:00 ] ::1 /1/index.php/Home/Xdu/rscheck?sid=1&name=1
INFO: [ app_init ] --START--
INFO: Run Behavior\BuildLiteBehavior [ RunTime:0.000017s ]
INFO: [ app_init ] --END-- [ RunTime:0.000427s ]
INFO: [ app_begin ] --START--
INFO: Run Behavior\ReadHtmlCacheBehavior [ RunTime:0.000622s ]
INFO: [ app_begin ] --END-- [ RunTime:0.000693s ]
NOTIC: [8192] mysql_connect(): The mysql extension is deprecated and will be removed in the future: use mysqli or PDO instead E:\code\php\sssta\1\ThinkPHP\Library\Think\Db\Driver\Mysql.class.php 第 52 行.
SQL: SHOW COLUMNS FROM `sssta_rs_invite` [ RunTime:0.003585s ]
SQL: SELECT COUNT(*) AS tp_count FROM `sssta_rs_invite` WHERE ( `sid` = '1' ) LIMIT 1   [ RunTime:0.013125s ]
INFO: [ view_parse ] --START--
INFO: [ template_filter ] --START--
INFO: Run Behavior\ContentReplaceBehavior [ RunTime:0.000041s ]
INFO: [ template_filter ] --END-- [ RunTime:0.000104s ]
INFO: Run Behavior\ParseTemplateBehavior [ RunTime:0.007260s ]
INFO: [ view_parse ] --END-- [ RunTime:0.007366s ]
INFO: [ view_filter ] --START--
INFO: Run Behavior\WriteHtmlCacheBehavior [ RunTime:0.000319s ]
INFO: [ view_filter ] --END-- [ RunTime:0.000364s ]
SQL: SELECT * FROM `sssta_rs_invite` WHERE ( `used` = 0 ) LIMIT 1   [ RunTime:0.000383s ]
SQL: UPDATE `sssta_rs_invite` SET `sid`='1',`name`='1',`used`=1 WHERE ( `id` = 23747 ) [ RunTime:0.099856s ]
ERR: 1062:Duplicate entry '1' for key 'sid'
 [ SQL语句 ] : UPDATE `sssta_rs_invite` SET `sid`='1',`name`='1',`used`=1 WHERE ( `id` = 23747 )
INFO: [ view_parse ] --START--
INFO: [ template_filter ] --START--
INFO: Run Behavior\ContentReplaceBehavior [ RunTime:0.000033s ]
INFO: [ template_filter ] --END-- [ RunTime:-0.124906s ]
INFO: Run Behavior\ParseTemplateBehavior [ RunTime:0.002457s ]
INFO: [ view_parse ] --END-- [ RunTime:-0.122049s ]
INFO: [ view_filter ] --START--
INFO: Run Behavior\WriteHtmlCacheBehavior [ RunTime:0.000021s ]
INFO: [ view_filter ] --END-- [ RunTime:-0.124225s ]
INFO: [ app_end ] --START--
INFO: Run Behavior\ShowPageTraceBehavior [ RunTime:0.000648s ]
INFO: [ app_end ] --END-- [ RunTime:0.000717s ]

[ 2014-09-10T16:21:03+08:00 ] ::1 /1/index.php/Home/Xdu/rscheck?sid=1&name=1
INFO: [ app_init ] --START--
INFO: Run Behavior\BuildLiteBehavior [ RunTime:0.000017s ]
INFO: [ app_init ] --END-- [ RunTime:0.000451s ]
INFO: [ app_begin ] --START--
INFO: Run Behavior\ReadHtmlCacheBehavior [ RunTime:0.000516s ]
INFO: [ app_begin ] --END-- [ RunTime:0.000579s ]
NOTIC: [8192] mysql_connect(): The mysql extension is deprecated and will be removed in the future: use mysqli or PDO instead E:\code\php\sssta\1\ThinkPHP\Library\Think\Db\Driver\Mysql.class.php 第 52 行.
SQL: SHOW COLUMNS FROM `sssta_rs_invite` [ RunTime:0.003503s ]
SQL: SELECT COUNT(*) AS tp_count FROM `sssta_rs_invite` WHERE ( `sid` = '1' ) LIMIT 1   [ RunTime:0.000313s ]
INFO: [ view_parse ] --START--
INFO: [ template_filter ] --START--
INFO: Run Behavior\ContentReplaceBehavior [ RunTime:0.000029s ]
INFO: [ template_filter ] --END-- [ RunTime:0.000073s ]
INFO: Run Behavior\ParseTemplateBehavior [ RunTime:0.005814s ]
INFO: [ view_parse ] --END-- [ RunTime:0.005895s ]
INFO: [ view_filter ] --START--
INFO: Run Behavior\WriteHtmlCacheBehavior [ RunTime:0.000178s ]
INFO: [ view_filter ] --END-- [ RunTime:0.000203s ]
SQL: SELECT * FROM `sssta_rs_invite` WHERE ( `used` = 0 ) LIMIT 1   [ RunTime:0.000267s ]
SQL: UPDATE `sssta_rs_invite` SET `sid`='1',`name`='1',`used`=1 WHERE ( `id` = 23747 ) [ RunTime:0.043675s ]
ERR: 1062:Duplicate entry '1' for key 'sid'
 [ SQL语句 ] : UPDATE `sssta_rs_invite` SET `sid`='1',`name`='1',`used`=1 WHERE ( `id` = 23747 )
INFO: [ view_parse ] --START--
INFO: [ template_filter ] --START--
INFO: Run Behavior\ContentReplaceBehavior [ RunTime:0.000033s ]
INFO: [ template_filter ] --END-- [ RunTime:-0.046795s ]
INFO: Run Behavior\ParseTemplateBehavior [ RunTime:0.002276s ]
INFO: [ view_parse ] --END-- [ RunTime:-0.044812s ]
INFO: [ view_filter ] --START--
INFO: Run Behavior\WriteHtmlCacheBehavior [ RunTime:0.000012s ]
INFO: [ view_filter ] --END-- [ RunTime:-0.046950s ]
INFO: [ app_end ] --START--
INFO: Run Behavior\ShowPageTraceBehavior [ RunTime:0.000588s ]
INFO: [ app_end ] --END-- [ RunTime:0.000635s ]

[ 2014-09-10T16:21:03+08:00 ] ::1 /1/index.php/Home/Xdu/rscheck?sid=1&name=1
INFO: [ app_init ] --START--
INFO: Run Behavior\BuildLiteBehavior [ RunTime:0.000016s ]
INFO: [ app_init ] --END-- [ RunTime:0.000462s ]
INFO: [ app_begin ] --START--
INFO: Run Behavior\ReadHtmlCacheBehavior [ RunTime:0.000504s ]
INFO: [ app_begin ] --END-- [ RunTime:0.000561s ]
NOTIC: [8192] mysql_connect(): The mysql extension is deprecated and will be removed in the future: use mysqli or PDO instead E:\code\php\sssta\1\ThinkPHP\Library\Think\Db\Driver\Mysql.class.php 第 52 行.
SQL: SHOW COLUMNS FROM `sssta_rs_invite` [ RunTime:0.004009s ]
SQL: SELECT COUNT(*) AS tp_count FROM `sssta_rs_invite` WHERE ( `sid` = '1' ) LIMIT 1   [ RunTime:0.000341s ]
INFO: [ view_parse ] --START--
INFO: [ template_filter ] --START--
INFO: Run Behavior\ContentReplaceBehavior [ RunTime:0.000060s ]
INFO: [ template_filter ] --END-- [ RunTime:0.000151s ]
INFO: Run Behavior\ParseTemplateBehavior [ RunTime:0.006862s ]
INFO: [ view_parse ] --END-- [ RunTime:0.006987s ]
INFO: [ view_filter ] --START--
INFO: Run Behavior\WriteHtmlCacheBehavior [ RunTime:0.000323s ]
INFO: [ view_filter ] --END-- [ RunTime:0.000379s ]
SQL: SELECT * FROM `sssta_rs_invite` WHERE ( `used` = 0 ) LIMIT 1   [ RunTime:0.000367s ]
SQL: UPDATE `sssta_rs_invite` SET `sid`='1',`name`='1',`used`=1 WHERE ( `id` = 23747 ) [ RunTime:0.202430s ]
ERR: 1062:Duplicate entry '1' for key 'sid'
 [ SQL语句 ] : UPDATE `sssta_rs_invite` SET `sid`='1',`name`='1',`used`=1 WHERE ( `id` = 23747 )
INFO: [ view_parse ] --START--
INFO: [ template_filter ] --START--
INFO: Run Behavior\ContentReplaceBehavior [ RunTime:0.000028s ]
INFO: [ template_filter ] --END-- [ RunTime:-0.207758s ]
INFO: Run Behavior\ParseTemplateBehavior [ RunTime:0.002482s ]
INFO: [ view_parse ] --END-- [ RunTime:-0.204693s ]
INFO: [ view_filter ] --START--
INFO: Run Behavior\WriteHtmlCacheBehavior [ RunTime:0.000020s ]
INFO: [ view_filter ] --END-- [ RunTime:-0.206881s ]
INFO: [ app_end ] --START--
INFO: Run Behavior\ShowPageTraceBehavior [ RunTime:0.000941s ]
INFO: [ app_end ] --END-- [ RunTime:0.001014s ]

[ 2014-09-10T16:21:03+08:00 ] ::1 /1/index.php/Home/Xdu/rscheck?sid=1&name=1
INFO: [ app_init ] --START--
INFO: Run Behavior\BuildLiteBehavior [ RunTime:0.000013s ]
INFO: [ app_init ] --END-- [ RunTime:0.000346s ]
INFO: [ app_begin ] --START--
INFO: Run Behavior\ReadHtmlCacheBehavior [ RunTime:0.000505s ]
INFO: [ app_begin ] --END-- [ RunTime:0.000552s ]
NOTIC: [8192] mysql_connect(): The mysql extension is deprecated and will be removed in the future: use mysqli or PDO instead E:\code\php\sssta\1\ThinkPHP\Library\Think\Db\Driver\Mysql.class.php 第 52 行.
SQL: SHOW COLUMNS FROM `sssta_rs_invite` [ RunTime:0.002900s ]
SQL: SELECT COUNT(*) AS tp_count FROM `sssta_rs_invite` WHERE ( `sid` = '1' ) LIMIT 1   [ RunTime:0.000277s ]
INFO: [ view_parse ] --START--
INFO: [ template_filter ] --START--
INFO: Run Behavior\ContentReplaceBehavior [ RunTime:0.000033s ]
INFO: [ template_filter ] --END-- [ RunTime:0.000109s ]
INFO: Run Behavior\ParseTemplateBehavior [ RunTime:0.006769s ]
INFO: [ view_parse ] --END-- [ RunTime:0.006843s ]
INFO: [ view_filter ] --START--
INFO: Run Behavior\WriteHtmlCacheBehavior [ RunTime:0.000273s ]
INFO: [ view_filter ] --END-- [ RunTime:0.000309s ]
SQL: SELECT * FROM `sssta_rs_invite` WHERE ( `used` = 0 ) LIMIT 1   [ RunTime:0.000306s ]
SQL: UPDATE `sssta_rs_invite` SET `sid`='1',`name`='1',`used`=1 WHERE ( `id` = 23747 ) [ RunTime:0.091431s ]
ERR: 1062:Duplicate entry '1' for key 'sid'
 [ SQL语句 ] : UPDATE `sssta_rs_invite` SET `sid`='1',`name`='1',`used`=1 WHERE ( `id` = 23747 )
INFO: [ view_parse ] --START--
INFO: [ template_filter ] --START--
INFO: Run Behavior\ContentReplaceBehavior [ RunTime:0.000079s ]
INFO: [ template_filter ] --END-- [ RunTime:-0.097686s ]
INFO: Run Behavior\ParseTemplateBehavior [ RunTime:0.005232s ]
INFO: [ view_parse ] --END-- [ RunTime:-0.093203s ]
INFO: [ view_filter ] --START--
INFO: Run Behavior\WriteHtmlCacheBehavior [ RunTime:0.000019s ]
INFO: [ view_filter ] --END-- [ RunTime:-0.098251s ]
INFO: [ app_end ] --START--
INFO: Run Behavior\ShowPageTraceBehavior [ RunTime:0.001055s ]
INFO: [ app_end ] --END-- [ RunTime:0.001132s ]

[ 2014-09-10T16:21:04+08:00 ] ::1 /1/index.php/Home/Xdu/rscheck?sid=1&name=1
INFO: [ app_init ] --START--
INFO: Run Behavior\BuildLiteBehavior [ RunTime:0.000017s ]
INFO: [ app_init ] --END-- [ RunTime:0.000465s ]
INFO: [ app_begin ] --START--
INFO: Run Behavior\ReadHtmlCacheBehavior [ RunTime:0.000545s ]
INFO: [ app_begin ] --END-- [ RunTime:0.000631s ]
NOTIC: [8192] mysql_connect(): The mysql extension is deprecated and will be removed in the future: use mysqli or PDO instead E:\code\php\sssta\1\ThinkPHP\Library\Think\Db\Driver\Mysql.class.php 第 52 行.
SQL: SHOW COLUMNS FROM `sssta_rs_invite` [ RunTime:0.005119s ]
SQL: SELECT COUNT(*) AS tp_count FROM `sssta_rs_invite` WHERE ( `sid` = '1' ) LIMIT 1   [ RunTime:0.000354s ]
INFO: [ view_parse ] --START--
INFO: [ template_filter ] --START--
INFO: Run Behavior\ContentReplaceBehavior [ RunTime:0.000029s ]
INFO: [ template_filter ] --END-- [ RunTime:0.000077s ]
INFO: Run Behavior\ParseTemplateBehavior [ RunTime:0.007039s ]
INFO: [ view_parse ] --END-- [ RunTime:0.007105s ]
INFO: [ view_filter ] --START--
INFO: Run Behavior\WriteHtmlCacheBehavior [ RunTime:0.000160s ]
INFO: [ view_filter ] --END-- [ RunTime:0.000191s ]
SQL: SELECT * FROM `sssta_rs_invite` WHERE ( `used` = 0 ) LIMIT 1   [ RunTime:0.000317s ]
SQL: UPDATE `sssta_rs_invite` SET `sid`='1',`name`='1',`used`=1 WHERE ( `id` = 23747 ) [ RunTime:0.046174s ]
ERR: 1062:Duplicate entry '1' for key 'sid'
 [ SQL语句 ] : UPDATE `sssta_rs_invite` SET `sid`='1',`name`='1',`used`=1 WHERE ( `id` = 23747 )
INFO: [ view_parse ] --START--
INFO: [ template_filter ] --START--
INFO: Run Behavior\ContentReplaceBehavior [ RunTime:0.000023s ]
INFO: [ template_filter ] --END-- [ RunTime:-0.049224s ]
INFO: Run Behavior\ParseTemplateBehavior [ RunTime:0.001681s ]
INFO: [ view_parse ] --END-- [ RunTime:-0.047428s ]
INFO: [ view_filter ] --START--
INFO: Run Behavior\WriteHtmlCacheBehavior [ RunTime:0.000007s ]
INFO: [ view_filter ] --END-- [ RunTime:-0.048950s ]
INFO: [ app_end ] --START--
INFO: Run Behavior\ShowPageTraceBehavior [ RunTime:0.000334s ]
INFO: [ app_end ] --END-- [ RunTime:0.000361s ]

[ 2014-09-10T16:21:04+08:00 ] ::1 /1/index.php/Home/Xdu/rscheck?sid=1&name=1
INFO: [ app_init ] --START--
INFO: Run Behavior\BuildLiteBehavior [ RunTime:0.000050s ]
INFO: [ app_init ] --END-- [ RunTime:0.001029s ]
INFO: [ app_begin ] --START--
INFO: Run Behavior\ReadHtmlCacheBehavior [ RunTime:0.001249s ]
INFO: [ app_begin ] --END-- [ RunTime:0.001388s ]
NOTIC: [8192] mysql_connect(): The mysql extension is deprecated and will be removed in the future: use mysqli or PDO instead E:\code\php\sssta\1\ThinkPHP\Library\Think\Db\Driver\Mysql.class.php 第 52 行.
SQL: SHOW COLUMNS FROM `sssta_rs_invite` [ RunTime:0.002399s ]
SQL: SELECT COUNT(*) AS tp_count FROM `sssta_rs_invite` WHERE ( `sid` = '1' ) LIMIT 1   [ RunTime:0.000232s ]
INFO: [ view_parse ] --START--
INFO: [ template_filter ] --START--
INFO: Run Behavior\ContentReplaceBehavior [ RunTime:0.000044s ]
INFO: [ template_filter ] --END-- [ RunTime:0.000113s ]
INFO: Run Behavior\ParseTemplateBehavior [ RunTime:0.005191s ]
INFO: [ view_parse ] --END-- [ RunTime:0.005248s ]
INFO: [ view_filter ] --START--
INFO: Run Behavior\WriteHtmlCacheBehavior [ RunTime:0.000178s ]
INFO: [ view_filter ] --END-- [ RunTime:0.000217s ]
SQL: SELECT * FROM `sssta_rs_invite` WHERE ( `used` = 0 ) LIMIT 1   [ RunTime:0.000302s ]
SQL: UPDATE `sssta_rs_invite` SET `sid`='1',`name`='1',`used`=1 WHERE ( `id` = 23747 ) [ RunTime:0.070631s ]
ERR: 1062:Duplicate entry '1' for key 'sid'
 [ SQL语句 ] : UPDATE `sssta_rs_invite` SET `sid`='1',`name`='1',`used`=1 WHERE ( `id` = 23747 )
INFO: [ view_parse ] --START--
INFO: [ template_filter ] --START--
INFO: Run Behavior\ContentReplaceBehavior [ RunTime:0.000042s ]
INFO: [ template_filter ] --END-- [ RunTime:-0.075593s ]
INFO: Run Behavior\ParseTemplateBehavior [ RunTime:0.003162s ]
INFO: [ view_parse ] --END-- [ RunTime:-0.071947s ]
INFO: [ view_filter ] --START--
INFO: Run Behavior\WriteHtmlCacheBehavior [ RunTime:0.000016s ]
INFO: [ view_filter ] --END-- [ RunTime:-0.074976s ]
INFO: [ app_end ] --START--
INFO: Run Behavior\ShowPageTraceBehavior [ RunTime:0.000740s ]
INFO: [ app_end ] --END-- [ RunTime:0.000805s ]

[ 2014-09-10T16:21:04+08:00 ] ::1 /1/index.php/Home/Xdu/rscheck?sid=1&name=1
INFO: [ app_init ] --START--
INFO: Run Behavior\BuildLiteBehavior [ RunTime:0.000010s ]
INFO: [ app_init ] --END-- [ RunTime:0.000229s ]
INFO: [ app_begin ] --START--
INFO: Run Behavior\ReadHtmlCacheBehavior [ RunTime:0.000292s ]
INFO: [ app_begin ] --END-- [ RunTime:0.000325s ]
NOTIC: [8192] mysql_connect(): The mysql extension is deprecated and will be removed in the future: use mysqli or PDO instead E:\code\php\sssta\1\ThinkPHP\Library\Think\Db\Driver\Mysql.class.php 第 52 行.
SQL: SHOW COLUMNS FROM `sssta_rs_invite` [ RunTime:0.002038s ]
SQL: SELECT COUNT(*) AS tp_count FROM `sssta_rs_invite` WHERE ( `sid` = '1' ) LIMIT 1   [ RunTime:0.000252s ]
INFO: [ view_parse ] --START--
INFO: [ template_filter ] --START--
INFO: Run Behavior\ContentReplaceBehavior [ RunTime:0.000025s ]
INFO: [ template_filter ] --END-- [ RunTime:0.000060s ]
INFO: Run Behavior\ParseTemplateBehavior [ RunTime:0.003839s ]
INFO: [ view_parse ] --END-- [ RunTime:0.003924s ]
INFO: [ view_filter ] --START--
INFO: Run Behavior\WriteHtmlCacheBehavior [ RunTime:0.000226s ]
INFO: [ view_filter ] --END-- [ RunTime:0.000267s ]
SQL: SELECT * FROM `sssta_rs_invite` WHERE ( `used` = 0 ) LIMIT 1   [ RunTime:0.000294s ]
SQL: UPDATE `sssta_rs_invite` SET `sid`='1',`name`='1',`used`=1 WHERE ( `id` = 23747 ) [ RunTime:0.078930s ]
ERR: 1062:Duplicate entry '1' for key 'sid'
 [ SQL语句 ] : UPDATE `sssta_rs_invite` SET `sid`='1',`name`='1',`used`=1 WHERE ( `id` = 23747 )
INFO: [ view_parse ] --START--
INFO: [ template_filter ] --START--
INFO: Run Behavior\ContentReplaceBehavior [ RunTime:0.000022s ]
INFO: [ template_filter ] --END-- [ RunTime:-0.081857s ]
INFO: Run Behavior\ParseTemplateBehavior [ RunTime:0.001749s ]
INFO: [ view_parse ] --END-- [ RunTime:-0.080111s ]
INFO: [ view_filter ] --START--
INFO: Run Behavior\WriteHtmlCacheBehavior [ RunTime:0.000008s ]
INFO: [ view_filter ] --END-- [ RunTime:-0.081616s ]
INFO: [ app_end ] --START--
INFO: Run Behavior\ShowPageTraceBehavior [ RunTime:0.000377s ]
INFO: [ app_end ] --END-- [ RunTime:0.000408s ]

[ 2014-09-10T16:21:05+08:00 ] ::1 /1/index.php/Home/Xdu/rscheck?sid=1&name=1
INFO: [ app_init ] --START--
INFO: Run Behavior\BuildLiteBehavior [ RunTime:0.000027s ]
INFO: [ app_init ] --END-- [ RunTime:0.000698s ]
INFO: [ app_begin ] --START--
INFO: Run Behavior\ReadHtmlCacheBehavior [ RunTime:0.000656s ]
INFO: [ app_begin ] --END-- [ RunTime:0.000739s ]
NOTIC: [8192] mysql_connect(): The mysql extension is deprecated and will be removed in the future: use mysqli or PDO instead E:\code\php\sssta\1\ThinkPHP\Library\Think\Db\Driver\Mysql.class.php 第 52 行.
SQL: SHOW COLUMNS FROM `sssta_rs_invite` [ RunTime:0.004648s ]
SQL: SELECT COUNT(*) AS tp_count FROM `sssta_rs_invite` WHERE ( `sid` = '1' ) LIMIT 1   [ RunTime:0.000304s ]
INFO: [ view_parse ] --START--
INFO: [ template_filter ] --START--
INFO: Run Behavior\ContentReplaceBehavior [ RunTime:0.000042s ]
INFO: [ template_filter ] --END-- [ RunTime:0.000095s ]
INFO: Run Behavior\ParseTemplateBehavior [ RunTime:0.005093s ]
INFO: [ view_parse ] --END-- [ RunTime:0.005169s ]
INFO: [ view_filter ] --START--
INFO: Run Behavior\WriteHtmlCacheBehavior [ RunTime:0.000259s ]
INFO: [ view_filter ] --END-- [ RunTime:0.000320s ]
SQL: SELECT * FROM `sssta_rs_invite` WHERE ( `used` = 0 ) LIMIT 1   [ RunTime:0.000467s ]
SQL: UPDATE `sssta_rs_invite` SET `sid`='1',`name`='1',`used`=1 WHERE ( `id` = 23747 ) [ RunTime:0.044802s ]
ERR: 1062:Duplicate entry '1' for key 'sid'
 [ SQL语句 ] : UPDATE `sssta_rs_invite` SET `sid`='1',`name`='1',`used`=1 WHERE ( `id` = 23747 )
INFO: [ view_parse ] --START--
INFO: [ template_filter ] --START--
INFO: Run Behavior\ContentReplaceBehavior [ RunTime:0.000025s ]
INFO: [ template_filter ] --END-- [ RunTime:-0.049009s ]
INFO: Run Behavior\ParseTemplateBehavior [ RunTime:0.001878s ]
INFO: [ view_parse ] --END-- [ RunTime:-0.046879s ]
INFO: [ view_filter ] --START--
INFO: Run Behavior\WriteHtmlCacheBehavior [ RunTime:0.000009s ]
INFO: [ view_filter ] --END-- [ RunTime:-0.048467s ]
INFO: [ app_end ] --START--
INFO: Run Behavior\ShowPageTraceBehavior [ RunTime:0.000418s ]
INFO: [ app_end ] --END-- [ RunTime:0.000454s ]

[ 2014-09-10T16:21:05+08:00 ] ::1 /1/index.php/Home/Xdu/rscheck?sid=1&name=1
INFO: [ app_init ] --START--
INFO: Run Behavior\BuildLiteBehavior [ RunTime:0.000011s ]
INFO: [ app_init ] --END-- [ RunTime:0.000270s ]
INFO: [ app_begin ] --START--
INFO: Run Behavior\ReadHtmlCacheBehavior [ RunTime:0.000321s ]
INFO: [ app_begin ] --END-- [ RunTime:0.000364s ]
NOTIC: [8192] mysql_connect(): The mysql extension is deprecated and will be removed in the future: use mysqli or PDO instead E:\code\php\sssta\1\ThinkPHP\Library\Think\Db\Driver\Mysql.class.php 第 52 行.
SQL: SHOW COLUMNS FROM `sssta_rs_invite` [ RunTime:0.003416s ]
SQL: SELECT COUNT(*) AS tp_count FROM `sssta_rs_invite` WHERE ( `sid` = '1' ) LIMIT 1   [ RunTime:0.000236s ]
INFO: [ view_parse ] --START--
INFO: [ template_filter ] --START--
INFO: Run Behavior\ContentReplaceBehavior [ RunTime:0.000028s ]
INFO: [ template_filter ] --END-- [ RunTime:0.000069s ]
INFO: Run Behavior\ParseTemplateBehavior [ RunTime:0.004981s ]
INFO: [ view_parse ] --END-- [ RunTime:0.005022s ]
INFO: [ view_filter ] --START--
INFO: Run Behavior\WriteHtmlCacheBehavior [ RunTime:0.000154s ]
INFO: [ view_filter ] --END-- [ RunTime:0.000182s ]
SQL: SELECT * FROM `sssta_rs_invite` WHERE ( `used` = 0 ) LIMIT 1   [ RunTime:0.000288s ]
SQL: UPDATE `sssta_rs_invite` SET `sid`='1',`name`='1',`used`=1 WHERE ( `id` = 23747 ) [ RunTime:0.068779s ]
ERR: 1062:Duplicate entry '1' for key 'sid'
 [ SQL语句 ] : UPDATE `sssta_rs_invite` SET `sid`='1',`name`='1',`used`=1 WHERE ( `id` = 23747 )
INFO: [ view_parse ] --START--
INFO: [ template_filter ] --START--
INFO: Run Behavior\ContentReplaceBehavior [ RunTime:0.000021s ]
INFO: [ template_filter ] --END-- [ RunTime:-0.072360s ]
INFO: Run Behavior\ParseTemplateBehavior [ RunTime:0.002328s ]
INFO: [ view_parse ] --END-- [ RunTime:-0.070090s ]
INFO: [ view_filter ] --START--
INFO: Run Behavior\WriteHtmlCacheBehavior [ RunTime:0.000010s ]
INFO: [ view_filter ] --END-- [ RunTime:-0.072292s ]
INFO: [ app_end ] --START--
INFO: Run Behavior\ShowPageTraceBehavior [ RunTime:0.000418s ]
INFO: [ app_end ] --END-- [ RunTime:0.000452s ]

[ 2014-09-10T16:21:14+08:00 ] ::1 /1/index.php/Home/Xdu/rscheck?sid=1&name=1
INFO: [ app_init ] --START--
INFO: Run Behavior\BuildLiteBehavior [ RunTime:0.000020s ]
INFO: [ app_init ] --END-- [ RunTime:0.000558s ]
INFO: [ app_begin ] --START--
INFO: Run Behavior\ReadHtmlCacheBehavior [ RunTime:0.000575s ]
INFO: [ app_begin ] --END-- [ RunTime:0.000645s ]
NOTIC: [8192] mysql_connect(): The mysql extension is deprecated and will be removed in the future: use mysqli or PDO instead E:\code\php\sssta\1\ThinkPHP\Library\Think\Db\Driver\Mysql.class.php 第 52 行.
SQL: SHOW COLUMNS FROM `sssta_rs_invite` [ RunTime:0.005100s ]
SQL: SELECT COUNT(*) AS tp_count FROM `sssta_rs_invite` WHERE ( `sid` = '1' ) LIMIT 1   [ RunTime:0.000280s ]
INFO: [ view_parse ] --START--
INFO: [ template_filter ] --START--
INFO: Run Behavior\ContentReplaceBehavior [ RunTime:0.000026s ]
INFO: [ template_filter ] --END-- [ RunTime:0.000063s ]
INFO: Run Behavior\ParseTemplateBehavior [ RunTime:0.004909s ]
INFO: [ view_parse ] --END-- [ RunTime:0.004980s ]
INFO: [ view_filter ] --START--
INFO: Run Behavior\WriteHtmlCacheBehavior [ RunTime:0.000206s ]
INFO: [ view_filter ] --END-- [ RunTime:0.000245s ]
SQL: SELECT * FROM `sssta_rs_invite` WHERE ( `used` = 0 ) LIMIT 1   [ RunTime:0.000333s ]
SQL: UPDATE `sssta_rs_invite` SET `sid`='1',`name`='1',`used`=1 WHERE ( `id` = 23747 ) [ RunTime:0.089470s ]
ERR: 1062:Duplicate entry '1' for key 'sid'
 [ SQL语句 ] : UPDATE `sssta_rs_invite` SET `sid`='1',`name`='1',`used`=1 WHERE ( `id` = 23747 )
INFO: [ view_parse ] --START--
INFO: [ template_filter ] --START--
INFO: Run Behavior\ContentReplaceBehavior [ RunTime:0.000025s ]
INFO: [ template_filter ] --END-- [ RunTime:-0.093239s ]
INFO: Run Behavior\ParseTemplateBehavior [ RunTime:0.002099s ]
INFO: [ view_parse ] --END-- [ RunTime:-0.091155s ]
INFO: [ view_filter ] --START--
INFO: Run Behavior\WriteHtmlCacheBehavior [ RunTime:0.000013s ]
INFO: [ view_filter ] --END-- [ RunTime:-0.093062s ]
INFO: [ app_end ] --START--
INFO: Run Behavior\ShowPageTraceBehavior [ RunTime:0.000381s ]
INFO: [ app_end ] --END-- [ RunTime:0.000415s ]

[ 2014-09-10T16:21:15+08:00 ] ::1 /1/index.php/Home/Xdu/rscheck?sid=1&name=1
INFO: [ app_init ] --START--
INFO: Run Behavior\BuildLiteBehavior [ RunTime:0.000028s ]
INFO: [ app_init ] --END-- [ RunTime:0.000666s ]
INFO: [ app_begin ] --START--
INFO: Run Behavior\ReadHtmlCacheBehavior [ RunTime:0.000827s ]
INFO: [ app_begin ] --END-- [ RunTime:0.000931s ]
NOTIC: [8192] mysql_connect(): The mysql extension is deprecated and will be removed in the future: use mysqli or PDO instead E:\code\php\sssta\1\ThinkPHP\Library\Think\Db\Driver\Mysql.class.php 第 52 行.
SQL: SHOW COLUMNS FROM `sssta_rs_invite` [ RunTime:0.006024s ]
SQL: SELECT COUNT(*) AS tp_count FROM `sssta_rs_invite` WHERE ( `sid` = '1' ) LIMIT 1   [ RunTime:0.000425s ]
INFO: [ view_parse ] --START--
INFO: [ template_filter ] --START--
INFO: Run Behavior\ContentReplaceBehavior [ RunTime:0.000045s ]
INFO: [ template_filter ] --END-- [ RunTime:0.000183s ]
INFO: Run Behavior\ParseTemplateBehavior [ RunTime:0.006670s ]
INFO: [ view_parse ] --END-- [ RunTime:0.006745s ]
INFO: [ view_filter ] --START--
INFO: Run Behavior\WriteHtmlCacheBehavior [ RunTime:0.000155s ]
INFO: [ view_filter ] --END-- [ RunTime:0.000185s ]
SQL: SELECT * FROM `sssta_rs_invite` WHERE ( `used` = 0 ) LIMIT 1   [ RunTime:0.000327s ]
SQL: UPDATE `sssta_rs_invite` SET `sid`='1',`name`='1',`used`=1 WHERE ( `id` = 23747 ) [ RunTime:0.135899s ]
ERR: 1062:Duplicate entry '1' for key 'sid'
 [ SQL语句 ] : UPDATE `sssta_rs_invite` SET `sid`='1',`name`='1',`used`=1 WHERE ( `id` = 23747 )
INFO: [ view_parse ] --START--
INFO: [ template_filter ] --START--
INFO: Run Behavior\ContentReplaceBehavior [ RunTime:0.000049s ]
INFO: [ template_filter ] --END-- [ RunTime:-0.140471s ]
INFO: Run Behavior\ParseTemplateBehavior [ RunTime:0.003965s ]
INFO: [ view_parse ] --END-- [ RunTime:-0.137250s ]
INFO: [ view_filter ] --START--
INFO: Run Behavior\WriteHtmlCacheBehavior [ RunTime:0.000021s ]
INFO: [ view_filter ] --END-- [ RunTime:-0.141139s ]
INFO: [ app_end ] --START--
INFO: Run Behavior\ShowPageTraceBehavior [ RunTime:0.000886s ]
INFO: [ app_end ] --END-- [ RunTime:0.000961s ]

[ 2014-09-10T16:21:15+08:00 ] ::1 /1/index.php/Home/Xdu/rscheck?sid=1&name=1
INFO: [ app_init ] --START--
INFO: Run Behavior\BuildLiteBehavior [ RunTime:0.000010s ]
INFO: [ app_init ] --END-- [ RunTime:0.000241s ]
INFO: [ app_begin ] --START--
INFO: Run Behavior\ReadHtmlCacheBehavior [ RunTime:0.000298s ]
INFO: [ app_begin ] --END-- [ RunTime:0.000334s ]
NOTIC: [8192] mysql_connect(): The mysql extension is deprecated and will be removed in the future: use mysqli or PDO instead E:\code\php\sssta\1\ThinkPHP\Library\Think\Db\Driver\Mysql.class.php 第 52 行.
SQL: SHOW COLUMNS FROM `sssta_rs_invite` [ RunTime:0.002357s ]
SQL: SELECT COUNT(*) AS tp_count FROM `sssta_rs_invite` WHERE ( `sid` = '1' ) LIMIT 1   [ RunTime:0.000205s ]
INFO: [ view_parse ] --START--
INFO: [ template_filter ] --START--
INFO: Run Behavior\ContentReplaceBehavior [ RunTime:0.000025s ]
INFO: [ template_filter ] --END-- [ RunTime:0.000065s ]
INFO: Run Behavior\ParseTemplateBehavior [ RunTime:0.003886s ]
INFO: [ view_parse ] --END-- [ RunTime:0.003928s ]
INFO: [ view_filter ] --START--
INFO: Run Behavior\WriteHtmlCacheBehavior [ RunTime:0.000133s ]
INFO: [ view_filter ] --END-- [ RunTime:0.000157s ]
SQL: SELECT * FROM `sssta_rs_invite` WHERE ( `used` = 0 ) LIMIT 1   [ RunTime:0.000278s ]
SQL: UPDATE `sssta_rs_invite` SET `sid`='1',`name`='1',`used`=1 WHERE ( `id` = 23747 ) [ RunTime:0.070135s ]
ERR: 1062:Duplicate entry '1' for key 'sid'
 [ SQL语句 ] : UPDATE `sssta_rs_invite` SET `sid`='1',`name`='1',`used`=1 WHERE ( `id` = 23747 )
INFO: [ view_parse ] --START--
INFO: [ template_filter ] --START--
INFO: Run Behavior\ContentReplaceBehavior [ RunTime:0.000051s ]
INFO: [ template_filter ] --END-- [ RunTime:-0.074416s ]
INFO: Run Behavior\ParseTemplateBehavior [ RunTime:0.004087s ]
INFO: [ view_parse ] --END-- [ RunTime:-0.071309s ]
INFO: [ view_filter ] --START--
INFO: Run Behavior\WriteHtmlCacheBehavior [ RunTime:0.000018s ]
INFO: [ view_filter ] --END-- [ RunTime:-0.075340s ]
INFO: [ app_end ] --START--
INFO: Run Behavior\ShowPageTraceBehavior [ RunTime:0.000766s ]
INFO: [ app_end ] --END-- [ RunTime:0.000836s ]

[ 2014-09-10T16:21:27+08:00 ] ::1 /1/index.php/Home/Xdu/rscheck?sid=1&name=1
INFO: [ app_init ] --START--
INFO: Run Behavior\BuildLiteBehavior [ RunTime:0.000019s ]
INFO: [ app_init ] --END-- [ RunTime:0.000516s ]
INFO: [ app_begin ] --START--
INFO: Run Behavior\ReadHtmlCacheBehavior [ RunTime:0.000555s ]
INFO: [ app_begin ] --END-- [ RunTime:0.000656s ]
NOTIC: [8192] mysql_connect(): The mysql extension is deprecated and will be removed in the future: use mysqli or PDO instead E:\code\php\sssta\1\ThinkPHP\Library\Think\Db\Driver\Mysql.class.php 第 52 行.
SQL: SHOW COLUMNS FROM `sssta_rs_invite` [ RunTime:0.004839s ]
SQL: SELECT COUNT(*) AS tp_count FROM `sssta_rs_invite` WHERE ( `sid` = '1' ) LIMIT 1   [ RunTime:0.000238s ]
INFO: [ view_parse ] --START--
INFO: [ template_filter ] --START--
INFO: Run Behavior\ContentReplaceBehavior [ RunTime:0.000032s ]
INFO: [ template_filter ] --END-- [ RunTime:0.000085s ]
INFO: Run Behavior\ParseTemplateBehavior [ RunTime:0.004972s ]
INFO: [ view_parse ] --END-- [ RunTime:0.005023s ]
INFO: [ view_filter ] --START--
INFO: Run Behavior\WriteHtmlCacheBehavior [ RunTime:0.000147s ]
INFO: [ view_filter ] --END-- [ RunTime:0.000176s ]
SQL: SELECT * FROM `sssta_rs_invite` WHERE ( `used` = 0 ) LIMIT 1   [ RunTime:0.000259s ]
SQL: UPDATE `sssta_rs_invite` SET `sid`='1',`name`='1',`used`=1 WHERE ( `id` = 23747 ) [ RunTime:0.050761s ]
ERR: 1062:Duplicate entry '1' for key 'sid'
 [ SQL语句 ] : UPDATE `sssta_rs_invite` SET `sid`='1',`name`='1',`used`=1 WHERE ( `id` = 23747 )
INFO: [ view_parse ] --START--
INFO: [ template_filter ] --START--
INFO: Run Behavior\ContentReplaceBehavior [ RunTime:0.000021s ]
INFO: [ template_filter ] --END-- [ RunTime:-0.054503s ]
INFO: Run Behavior\ParseTemplateBehavior [ RunTime:0.001867s ]
INFO: [ view_parse ] --END-- [ RunTime:-0.051822s ]
INFO: [ view_filter ] --START--
INFO: Run Behavior\WriteHtmlCacheBehavior [ RunTime:0.000007s ]
INFO: [ view_filter ] --END-- [ RunTime:-0.053599s ]
INFO: [ app_end ] --START--
INFO: Run Behavior\ShowPageTraceBehavior [ RunTime:0.000390s ]
INFO: [ app_end ] --END-- [ RunTime:0.000417s ]

[ 2014-09-10T16:21:37+08:00 ] ::1 /1/index.php/Home/Xdu/rscheck?sid=1&name=1
INFO: [ app_init ] --START--
INFO: Run Behavior\BuildLiteBehavior [ RunTime:0.000018s ]
INFO: [ app_init ] --END-- [ RunTime:0.000391s ]
INFO: [ app_begin ] --START--
INFO: Run Behavior\ReadHtmlCacheBehavior [ RunTime:0.000385s ]
INFO: [ app_begin ] --END-- [ RunTime:0.000434s ]
NOTIC: [8192] mysql_connect(): The mysql extension is deprecated and will be removed in the future: use mysqli or PDO instead E:\code\php\sssta\1\ThinkPHP\Library\Think\Db\Driver\Mysql.class.php 第 52 行.
SQL: SHOW COLUMNS FROM `sssta_rs_invite` [ RunTime:0.002671s ]
SQL: SELECT COUNT(*) AS tp_count FROM `sssta_rs_invite` WHERE ( `sid` = '1' ) LIMIT 1   [ RunTime:0.000249s ]
INFO: [ view_parse ] --START--
INFO: [ template_filter ] --START--
INFO: Run Behavior\ContentReplaceBehavior [ RunTime:0.000031s ]
INFO: [ template_filter ] --END-- [ RunTime:0.000078s ]
INFO: Run Behavior\ParseTemplateBehavior [ RunTime:0.004721s ]
INFO: [ view_parse ] --END-- [ RunTime:0.004768s ]
INFO: [ view_filter ] --START--
INFO: Run Behavior\WriteHtmlCacheBehavior [ RunTime:0.000167s ]
INFO: [ view_filter ] --END-- [ RunTime:0.000196s ]
SQL: SELECT * FROM `sssta_rs_invite` WHERE ( `used` = 0 ) LIMIT 1   [ RunTime:0.000301s ]
SQL: UPDATE `sssta_rs_invite` SET `sid`='1',`name`='1',`used`=1 WHERE ( `id` = 23747 ) [ RunTime:0.072715s ]
ERR: 1062:Duplicate entry '1' for key 'sid'
 [ SQL语句 ] : UPDATE `sssta_rs_invite` SET `sid`='1',`name`='1',`used`=1 WHERE ( `id` = 23747 )
INFO: [ view_parse ] --START--
INFO: [ template_filter ] --START--
INFO: Run Behavior\ContentReplaceBehavior [ RunTime:0.000023s ]
INFO: [ template_filter ] --END-- [ RunTime:-0.075674s ]
INFO: Run Behavior\ParseTemplateBehavior [ RunTime:0.001712s ]
INFO: [ view_parse ] --END-- [ RunTime:-0.073871s ]
INFO: [ view_filter ] --START--
INFO: Run Behavior\WriteHtmlCacheBehavior [ RunTime:0.000009s ]
INFO: [ view_filter ] --END-- [ RunTime:-0.075429s ]
INFO: [ app_end ] --START--
INFO: Run Behavior\ShowPageTraceBehavior [ RunTime:0.000397s ]
INFO: [ app_end ] --END-- [ RunTime:0.000434s ]

[ 2014-09-10T16:21:40+08:00 ] ::1 /1/index.php/Home/Xdu/rscheck?sid=1&name=1
INFO: [ app_init ] --START--
INFO: Run Behavior\BuildLiteBehavior [ RunTime:0.000012s ]
INFO: [ app_init ] --END-- [ RunTime:0.000281s ]
INFO: [ app_begin ] --START--
INFO: Run Behavior\ReadHtmlCacheBehavior [ RunTime:0.000351s ]
INFO: [ app_begin ] --END-- [ RunTime:0.000391s ]
NOTIC: [8192] mysql_connect(): The mysql extension is deprecated and will be removed in the future: use mysqli or PDO instead E:\code\php\sssta\1\ThinkPHP\Library\Think\Db\Driver\Mysql.class.php 第 52 行.
SQL: SHOW COLUMNS FROM `sssta_rs_invite` [ RunTime:0.002483s ]
SQL: SELECT COUNT(*) AS tp_count FROM `sssta_rs_invite` WHERE ( `sid` = '1' ) LIMIT 1   [ RunTime:0.000252s ]
INFO: [ view_parse ] --START--
INFO: [ template_filter ] --START--
INFO: Run Behavior\ContentReplaceBehavior [ RunTime:0.000031s ]
INFO: [ template_filter ] --END-- [ RunTime:0.000090s ]
INFO: Run Behavior\ParseTemplateBehavior [ RunTime:0.005341s ]
INFO: [ view_parse ] --END-- [ RunTime:0.005443s ]
INFO: [ view_filter ] --START--
INFO: Run Behavior\WriteHtmlCacheBehavior [ RunTime:0.000189s ]
INFO: [ view_filter ] --END-- [ RunTime:0.000238s ]
SQL: SELECT * FROM `sssta_rs_invite` WHERE ( `used` = 0 ) LIMIT 1   [ RunTime:0.000304s ]
SQL: UPDATE `sssta_rs_invite` SET `sid`='1',`name`='1',`used`=1 WHERE ( `id` = 23747 ) [ RunTime:0.040146s ]
ERR: 1062:Duplicate entry '1' for key 'sid'
 [ SQL语句 ] : UPDATE `sssta_rs_invite` SET `sid`='1',`name`='1',`used`=1 WHERE ( `id` = 23747 )
INFO: [ view_parse ] --START--
INFO: [ template_filter ] --START--
INFO: Run Behavior\ContentReplaceBehavior [ RunTime:0.000022s ]
INFO: [ template_filter ] --END-- [ RunTime:-0.043300s ]
INFO: Run Behavior\ParseTemplateBehavior [ RunTime:0.001750s ]
INFO: [ view_parse ] --END-- [ RunTime:-0.041425s ]
INFO: [ view_filter ] --START--
INFO: Run Behavior\WriteHtmlCacheBehavior [ RunTime:0.000009s ]
INFO: [ view_filter ] --END-- [ RunTime:-0.042965s ]
INFO: [ app_end ] --START--
INFO: Run Behavior\ShowPageTraceBehavior [ RunTime:0.000401s ]
INFO: [ app_end ] --END-- [ RunTime:0.000434s ]

[ 2014-09-10T16:22:30+08:00 ] ::1 /1/index.php/Home/Xdu/rscheck?sid=1&name=1
INFO: [ app_init ] --START--
INFO: Run Behavior\BuildLiteBehavior [ RunTime:0.000022s ]
INFO: [ app_init ] --END-- [ RunTime:0.000561s ]
INFO: [ app_begin ] --START--
INFO: Run Behavior\ReadHtmlCacheBehavior [ RunTime:0.000866s ]
INFO: [ app_begin ] --END-- [ RunTime:0.000961s ]
NOTIC: [8192] mysql_connect(): The mysql extension is deprecated and will be removed in the future: use mysqli or PDO instead E:\code\php\sssta\1\ThinkPHP\Library\Think\Db\Driver\Mysql.class.php 第 52 行.
SQL: SHOW COLUMNS FROM `sssta_rs_invite` [ RunTime:0.002810s ]
SQL: SELECT COUNT(*) AS tp_count FROM `sssta_rs_invite` WHERE ( `sid` = '1' ) LIMIT 1   [ RunTime:0.000275s ]
INFO: [ view_parse ] --START--
INFO: [ template_filter ] --START--
INFO: Run Behavior\ContentReplaceBehavior [ RunTime:0.000131s ]
INFO: [ template_filter ] --END-- [ RunTime:0.000354s ]
INFO: Run Behavior\ParseTemplateBehavior [ RunTime:0.004902s ]
INFO: [ view_parse ] --END-- [ RunTime:0.004945s ]
INFO: [ view_filter ] --START--
INFO: Run Behavior\WriteHtmlCacheBehavior [ RunTime:0.000163s ]
INFO: [ view_filter ] --END-- [ RunTime:0.000198s ]
INFO: [ app_end ] --START--
INFO: Run Behavior\ShowPageTraceBehavior [ RunTime:0.000296s ]
INFO: [ app_end ] --END-- [ RunTime:0.000322s ]

[ 2014-09-10T16:22:30+08:00 ] ::1 /1/index.php/Home/Xdu/rscheck?sid=1&name=1
INFO: [ app_init ] --START--
INFO: Run Behavior\BuildLiteBehavior [ RunTime:0.000015s ]
INFO: [ app_init ] --END-- [ RunTime:0.000349s ]
INFO: [ app_begin ] --START--
INFO: Run Behavior\ReadHtmlCacheBehavior [ RunTime:0.000499s ]
INFO: [ app_begin ] --END-- [ RunTime:0.000555s ]
NOTIC: [8192] mysql_connect(): The mysql extension is deprecated and will be removed in the future: use mysqli or PDO instead E:\code\php\sssta\1\ThinkPHP\Library\Think\Db\Driver\Mysql.class.php 第 52 行.
SQL: SHOW COLUMNS FROM `sssta_rs_invite` [ RunTime:0.003469s ]
SQL: SELECT COUNT(*) AS tp_count FROM `sssta_rs_invite` WHERE ( `sid` = '1' ) LIMIT 1   [ RunTime:0.000295s ]
INFO: [ view_parse ] --START--
INFO: [ template_filter ] --START--
INFO: Run Behavior\ContentReplaceBehavior [ RunTime:0.000036s ]
INFO: [ template_filter ] --END-- [ RunTime:0.000086s ]
INFO: Run Behavior\ParseTemplateBehavior [ RunTime:0.005523s ]
INFO: [ view_parse ] --END-- [ RunTime:0.005583s ]
INFO: [ view_filter ] --START--
INFO: Run Behavior\WriteHtmlCacheBehavior [ RunTime:0.000223s ]
INFO: [ view_filter ] --END-- [ RunTime:0.000265s ]
INFO: [ app_end ] --START--
INFO: Run Behavior\ShowPageTraceBehavior [ RunTime:0.000450s ]
INFO: [ app_end ] --END-- [ RunTime:0.000493s ]

[ 2014-09-10T16:22:31+08:00 ] ::1 /1/index.php/Home/Xdu/rscheck?sid=1&name=1
INFO: [ app_init ] --START--
INFO: Run Behavior\BuildLiteBehavior [ RunTime:0.000016s ]
INFO: [ app_init ] --END-- [ RunTime:0.000412s ]
INFO: [ app_begin ] --START--
INFO: Run Behavior\ReadHtmlCacheBehavior [ RunTime:0.000551s ]
INFO: [ app_begin ] --END-- [ RunTime:0.000623s ]
NOTIC: [8192] mysql_connect(): The mysql extension is deprecated and will be removed in the future: use mysqli or PDO instead E:\code\php\sssta\1\ThinkPHP\Library\Think\Db\Driver\Mysql.class.php 第 52 行.
SQL: SHOW COLUMNS FROM `sssta_rs_invite` [ RunTime:0.004043s ]
SQL: SELECT COUNT(*) AS tp_count FROM `sssta_rs_invite` WHERE ( `sid` = '1' ) LIMIT 1   [ RunTime:0.000345s ]
INFO: [ view_parse ] --START--
INFO: [ template_filter ] --START--
INFO: Run Behavior\ContentReplaceBehavior [ RunTime:0.000026s ]
INFO: [ template_filter ] --END-- [ RunTime:0.000065s ]
INFO: Run Behavior\ParseTemplateBehavior [ RunTime:0.004524s ]
INFO: [ view_parse ] --END-- [ RunTime:0.004577s ]
INFO: [ view_filter ] --START--
INFO: Run Behavior\WriteHtmlCacheBehavior [ RunTime:0.000152s ]
INFO: [ view_filter ] --END-- [ RunTime:0.000187s ]
INFO: [ app_end ] --START--
INFO: Run Behavior\ShowPageTraceBehavior [ RunTime:0.000296s ]
INFO: [ app_end ] --END-- [ RunTime:0.000323s ]

[ 2014-09-10T16:22:31+08:00 ] ::1 /1/index.php/Home/Xdu/rscheck?sid=1&name=1
INFO: [ app_init ] --START--
INFO: Run Behavior\BuildLiteBehavior [ RunTime:0.000039s ]
INFO: [ app_init ] --END-- [ RunTime:0.001416s ]
INFO: [ app_begin ] --START--
INFO: Run Behavior\ReadHtmlCacheBehavior [ RunTime:0.000584s ]
INFO: [ app_begin ] --END-- [ RunTime:0.000662s ]
NOTIC: [8192] mysql_connect(): The mysql extension is deprecated and will be removed in the future: use mysqli or PDO instead E:\code\php\sssta\1\ThinkPHP\Library\Think\Db\Driver\Mysql.class.php 第 52 行.
SQL: SHOW COLUMNS FROM `sssta_rs_invite` [ RunTime:0.004232s ]
SQL: SELECT COUNT(*) AS tp_count FROM `sssta_rs_invite` WHERE ( `sid` = '1' ) LIMIT 1   [ RunTime:0.000397s ]
INFO: [ view_parse ] --START--
INFO: [ template_filter ] --START--
INFO: Run Behavior\ContentReplaceBehavior [ RunTime:0.000185s ]
INFO: [ template_filter ] --END-- [ RunTime:0.000557s ]
INFO: Run Behavior\ParseTemplateBehavior [ RunTime:0.008189s ]
INFO: [ view_parse ] --END-- [ RunTime:0.008268s ]
INFO: [ view_filter ] --START--
INFO: Run Behavior\WriteHtmlCacheBehavior [ RunTime:0.000251s ]
INFO: [ view_filter ] --END-- [ RunTime:0.000300s ]
INFO: [ app_end ] --START--
INFO: Run Behavior\ShowPageTraceBehavior [ RunTime:0.000565s ]
INFO: [ app_end ] --END-- [ RunTime:0.000642s ]

[ 2014-09-10T16:22:31+08:00 ] ::1 /1/index.php/Home/Xdu/rscheck?sid=1&name=1
INFO: [ app_init ] --START--
INFO: Run Behavior\BuildLiteBehavior [ RunTime:0.000016s ]
INFO: [ app_init ] --END-- [ RunTime:0.000377s ]
INFO: [ app_begin ] --START--
INFO: Run Behavior\ReadHtmlCacheBehavior [ RunTime:0.000481s ]
INFO: [ app_begin ] --END-- [ RunTime:0.000538s ]
NOTIC: [8192] mysql_connect(): The mysql extension is deprecated and will be removed in the future: use mysqli or PDO instead E:\code\php\sssta\1\ThinkPHP\Library\Think\Db\Driver\Mysql.class.php 第 52 行.
SQL: SHOW COLUMNS FROM `sssta_rs_invite` [ RunTime:0.005111s ]
SQL: SELECT COUNT(*) AS tp_count FROM `sssta_rs_invite` WHERE ( `sid` = '1' ) LIMIT 1   [ RunTime:0.000315s ]
INFO: [ view_parse ] --START--
INFO: [ template_filter ] --START--
INFO: Run Behavior\ContentReplaceBehavior [ RunTime:0.000041s ]
INFO: [ template_filter ] --END-- [ RunTime:0.000102s ]
INFO: Run Behavior\ParseTemplateBehavior [ RunTime:0.006490s ]
INFO: [ view_parse ] --END-- [ RunTime:0.006554s ]
INFO: [ view_filter ] --START--
INFO: Run Behavior\WriteHtmlCacheBehavior [ RunTime:0.000223s ]
INFO: [ view_filter ] --END-- [ RunTime:0.000265s ]
INFO: [ app_end ] --START--
INFO: Run Behavior\ShowPageTraceBehavior [ RunTime:0.000507s ]
INFO: [ app_end ] --END-- [ RunTime:0.000553s ]

[ 2014-09-10T16:22:32+08:00 ] ::1 /1/index.php/Home/Xdu/rscheck?sid=1&name=1
INFO: [ app_init ] --START--
INFO: Run Behavior\BuildLiteBehavior [ RunTime:0.000017s ]
INFO: [ app_init ] --END-- [ RunTime:0.000464s ]
INFO: [ app_begin ] --START--
INFO: Run Behavior\ReadHtmlCacheBehavior [ RunTime:0.000597s ]
INFO: [ app_begin ] --END-- [ RunTime:0.000675s ]
NOTIC: [8192] mysql_connect(): The mysql extension is deprecated and will be removed in the future: use mysqli or PDO instead E:\code\php\sssta\1\ThinkPHP\Library\Think\Db\Driver\Mysql.class.php 第 52 行.
SQL: SHOW COLUMNS FROM `sssta_rs_invite` [ RunTime:0.004126s ]
SQL: SELECT COUNT(*) AS tp_count FROM `sssta_rs_invite` WHERE ( `sid` = '1' ) LIMIT 1   [ RunTime:0.000363s ]
INFO: [ view_parse ] --START--
INFO: [ template_filter ] --START--
INFO: Run Behavior\ContentReplaceBehavior [ RunTime:0.000093s ]
INFO: [ template_filter ] --END-- [ RunTime:0.000215s ]
INFO: Run Behavior\ParseTemplateBehavior [ RunTime:0.008839s ]
INFO: [ view_parse ] --END-- [ RunTime:0.008905s ]
INFO: [ view_filter ] --START--
INFO: Run Behavior\WriteHtmlCacheBehavior [ RunTime:0.000174s ]
INFO: [ view_filter ] --END-- [ RunTime:0.000206s ]
INFO: [ app_end ] --START--
INFO: Run Behavior\ShowPageTraceBehavior [ RunTime:0.000386s ]
INFO: [ app_end ] --END-- [ RunTime:0.000421s ]

[ 2014-09-10T16:22:35+08:00 ] ::1 /1/index.php/Home/Xdu/rscheck?sid=1&name=1
INFO: [ app_init ] --START--
INFO: Run Behavior\BuildLiteBehavior [ RunTime:0.000034s ]
INFO: [ app_init ] --END-- [ RunTime:0.000867s ]
INFO: [ app_begin ] --START--
INFO: Run Behavior\ReadHtmlCacheBehavior [ RunTime:0.000637s ]
INFO: [ app_begin ] --END-- [ RunTime:0.000750s ]
NOTIC: [8192] mysql_connect(): The mysql extension is deprecated and will be removed in the future: use mysqli or PDO instead E:\code\php\sssta\1\ThinkPHP\Library\Think\Db\Driver\Mysql.class.php 第 52 行.
SQL: SHOW COLUMNS FROM `sssta_rs_invite` [ RunTime:0.004816s ]
SQL: SELECT COUNT(*) AS tp_count FROM `sssta_rs_invite` WHERE ( `sid` = '1' ) LIMIT 1   [ RunTime:0.000377s ]
INFO: [ view_parse ] --START--
INFO: [ template_filter ] --START--
INFO: Run Behavior\ContentReplaceBehavior [ RunTime:0.000044s ]
INFO: [ template_filter ] --END-- [ RunTime:0.000113s ]
INFO: Run Behavior\ParseTemplateBehavior [ RunTime:0.008084s ]
INFO: [ view_parse ] --END-- [ RunTime:0.008156s ]
INFO: [ view_filter ] --START--
INFO: Run Behavior\WriteHtmlCacheBehavior [ RunTime:0.000255s ]
INFO: [ view_filter ] --END-- [ RunTime:0.000302s ]
INFO: [ app_end ] --START--
INFO: Run Behavior\ShowPageTraceBehavior [ RunTime:0.000550s ]
INFO: [ app_end ] --END-- [ RunTime:0.000602s ]

[ 2014-09-10T16:22:35+08:00 ] ::1 /1/index.php/Home/Xdu/rscheck?sid=1&name=1
INFO: [ app_init ] --START--
INFO: Run Behavior\BuildLiteBehavior [ RunTime:0.000018s ]
INFO: [ app_init ] --END-- [ RunTime:0.000409s ]
INFO: [ app_begin ] --START--
INFO: Run Behavior\ReadHtmlCacheBehavior [ RunTime:0.000637s ]
INFO: [ app_begin ] --END-- [ RunTime:0.000706s ]
NOTIC: [8192] mysql_connect(): The mysql extension is deprecated and will be removed in the future: use mysqli or PDO instead E:\code\php\sssta\1\ThinkPHP\Library\Think\Db\Driver\Mysql.class.php 第 52 行.
SQL: SHOW COLUMNS FROM `sssta_rs_invite` [ RunTime:0.004553s ]
SQL: SELECT COUNT(*) AS tp_count FROM `sssta_rs_invite` WHERE ( `sid` = '1' ) LIMIT 1   [ RunTime:0.000338s ]
INFO: [ view_parse ] --START--
INFO: [ template_filter ] --START--
INFO: Run Behavior\ContentReplaceBehavior [ RunTime:0.000042s ]
INFO: [ template_filter ] --END-- [ RunTime:0.000111s ]
INFO: Run Behavior\ParseTemplateBehavior [ RunTime:0.007220s ]
INFO: [ view_parse ] --END-- [ RunTime:0.007290s ]
INFO: [ view_filter ] --START--
INFO: Run Behavior\WriteHtmlCacheBehavior [ RunTime:0.000235s ]
INFO: [ view_filter ] --END-- [ RunTime:0.000279s ]
INFO: [ app_end ] --START--
INFO: Run Behavior\ShowPageTraceBehavior [ RunTime:0.000555s ]
INFO: [ app_end ] --END-- [ RunTime:0.000631s ]

[ 2014-09-10T16:22:36+08:00 ] ::1 /1/index.php/Home/Xdu/rscheck?sid=1&name=1
INFO: [ app_init ] --START--
INFO: Run Behavior\BuildLiteBehavior [ RunTime:0.000205s ]
INFO: [ app_init ] --END-- [ RunTime:0.001333s ]
INFO: [ app_begin ] --START--
INFO: Run Behavior\ReadHtmlCacheBehavior [ RunTime:0.000752s ]
INFO: [ app_begin ] --END-- [ RunTime:0.000858s ]
NOTIC: [8192] mysql_connect(): The mysql extension is deprecated and will be removed in the future: use mysqli or PDO instead E:\code\php\sssta\1\ThinkPHP\Library\Think\Db\Driver\Mysql.class.php 第 52 行.
SQL: SHOW COLUMNS FROM `sssta_rs_invite` [ RunTime:0.004435s ]
SQL: SELECT COUNT(*) AS tp_count FROM `sssta_rs_invite` WHERE ( `sid` = '1' ) LIMIT 1   [ RunTime:0.000261s ]
INFO: [ view_parse ] --START--
INFO: [ template_filter ] --START--
INFO: Run Behavior\ContentReplaceBehavior [ RunTime:0.000026s ]
INFO: [ template_filter ] --END-- [ RunTime:0.000065s ]
INFO: Run Behavior\ParseTemplateBehavior [ RunTime:0.004007s ]
INFO: [ view_parse ] --END-- [ RunTime:0.004049s ]
INFO: [ view_filter ] --START--
INFO: Run Behavior\WriteHtmlCacheBehavior [ RunTime:0.000133s ]
INFO: [ view_filter ] --END-- [ RunTime:0.000158s ]
INFO: [ app_end ] --START--
INFO: Run Behavior\ShowPageTraceBehavior [ RunTime:0.000293s ]
INFO: [ app_end ] --END-- [ RunTime:0.000319s ]

[ 2014-09-10T16:22:39+08:00 ] ::1 /1/index.php/Home/Xdu/rscheck?sid=1&name=1
INFO: [ app_init ] --START--
INFO: Run Behavior\BuildLiteBehavior [ RunTime:0.000017s ]
INFO: [ app_init ] --END-- [ RunTime:0.000421s ]
INFO: [ app_begin ] --START--
INFO: Run Behavior\ReadHtmlCacheBehavior [ RunTime:0.000521s ]
INFO: [ app_begin ] --END-- [ RunTime:0.000583s ]
NOTIC: [8192] mysql_connect(): The mysql extension is deprecated and will be removed in the future: use mysqli or PDO instead E:\code\php\sssta\1\ThinkPHP\Library\Think\Db\Driver\Mysql.class.php 第 52 行.
SQL: SHOW COLUMNS FROM `sssta_rs_invite` [ RunTime:0.005087s ]
SQL: SELECT COUNT(*) AS tp_count FROM `sssta_rs_invite` WHERE ( `sid` = '1' ) LIMIT 1   [ RunTime:0.000348s ]
INFO: [ view_parse ] --START--
INFO: [ template_filter ] --START--
INFO: Run Behavior\ContentReplaceBehavior [ RunTime:0.000066s ]
INFO: [ template_filter ] --END-- [ RunTime:0.000217s ]
INFO: Run Behavior\ParseTemplateBehavior [ RunTime:0.007035s ]
INFO: [ view_parse ] --END-- [ RunTime:0.007109s ]
INFO: [ view_filter ] --START--
INFO: Run Behavior\WriteHtmlCacheBehavior [ RunTime:0.000271s ]
INFO: [ view_filter ] --END-- [ RunTime:0.000320s ]
INFO: [ app_end ] --START--
INFO: Run Behavior\ShowPageTraceBehavior [ RunTime:0.000942s ]
INFO: [ app_end ] --END-- [ RunTime:0.001005s ]

[ 2014-09-10T16:22:43+08:00 ] ::1 /1/index.php/Home/Xdu/rscheck?sid=1&name=1
INFO: [ app_init ] --START--
INFO: Run Behavior\BuildLiteBehavior [ RunTime:0.000034s ]
INFO: [ app_init ] --END-- [ RunTime:0.000878s ]
INFO: [ app_begin ] --START--
INFO: Run Behavior\ReadHtmlCacheBehavior [ RunTime:0.001194s ]
INFO: [ app_begin ] --END-- [ RunTime:0.001371s ]
NOTIC: [8192] mysql_connect(): The mysql extension is deprecated and will be removed in the future: use mysqli or PDO instead E:\code\php\sssta\1\ThinkPHP\Library\Think\Db\Driver\Mysql.class.php 第 52 行.
SQL: SHOW COLUMNS FROM `sssta_rs_invite` [ RunTime:0.004818s ]
SQL: SELECT COUNT(*) AS tp_count FROM `sssta_rs_invite` WHERE ( `sid` = '1' ) LIMIT 1   [ RunTime:0.000379s ]
INFO: [ view_parse ] --START--
INFO: [ template_filter ] --START--
INFO: Run Behavior\ContentReplaceBehavior [ RunTime:0.000077s ]
INFO: [ template_filter ] --END-- [ RunTime:0.000238s ]
INFO: Run Behavior\ParseTemplateBehavior [ RunTime:0.008349s ]
INFO: [ view_parse ] --END-- [ RunTime:0.008431s ]
INFO: [ view_filter ] --START--
INFO: Run Behavior\WriteHtmlCacheBehavior [ RunTime:0.000276s ]
INFO: [ view_filter ] --END-- [ RunTime:0.000341s ]
INFO: [ app_end ] --START--
INFO: Run Behavior\ShowPageTraceBehavior [ RunTime:0.000607s ]
INFO: [ app_end ] --END-- [ RunTime:0.000677s ]

[ 2014-09-10T16:33:08+08:00 ] ::1 /1/index.php/Home/Xdu/rsinput?ip=http://rs.xidian.edu.cn/home.php?mod=invite&id=22255&c=hg3cd7%20http://rs.xidian.edu.cn/home.php?mod=invite&id=22258&c=sy38zl%20http://rs.xidian.edu.cn/home.php?mod=invite&id=22261&c=pqawsu
INFO: [ app_init ] --START--
INFO: Run Behavior\BuildLiteBehavior [ RunTime:0.000019s ]
INFO: [ app_init ] --END-- [ RunTime:0.000493s ]
INFO: [ app_begin ] --START--
INFO: Run Behavior\ReadHtmlCacheBehavior [ RunTime:0.000741s ]
INFO: [ app_begin ] --END-- [ RunTime:0.000844s ]
NOTIC: [8192] mysql_connect(): The mysql extension is deprecated and will be removed in the future: use mysqli or PDO instead E:\code\php\sssta\1\ThinkPHP\Library\Think\Db\Driver\Mysql.class.php 第 52 行.
SQL: SHOW COLUMNS FROM `sssta_rs_invite` [ RunTime:0.002472s ]

[ 2014-09-10T16:33:28+08:00 ] ::1 /1/index.php/Home/Xdu/rsinput?ip=http://rs.xidian.edu.cn/home.php?mod=invite&id=22255&c=hg3cd7%20http://rs.xidian.edu.cn/home.php?mod=invite&id=22258&c=sy38zl%20http://rs.xidian.edu.cn/home.php?mod=invite&id=22261&c=pqawsu
INFO: [ app_init ] --START--
INFO: Run Behavior\BuildLiteBehavior [ RunTime:0.000023s ]
INFO: [ app_init ] --END-- [ RunTime:0.000594s ]
INFO: [ app_begin ] --START--
INFO: Run Behavior\ReadHtmlCacheBehavior [ RunTime:0.001166s ]
INFO: [ app_begin ] --END-- [ RunTime:0.001293s ]
NOTIC: [8192] mysql_connect(): The mysql extension is deprecated and will be removed in the future: use mysqli or PDO instead E:\code\php\sssta\1\ThinkPHP\Library\Think\Db\Driver\Mysql.class.php 第 52 行.
SQL: SHOW COLUMNS FROM `sssta_rs_invite` [ RunTime:0.002483s ]

[ 2014-09-10T16:33:41+08:00 ] ::1 /1/index.php/Home/Xdu/rsinput?ip=http://rs.xidian.edu.cn/home.php?mod=invite&id=22255&c=hg3cd7%20http://rs.xidian.edu.cn/home.php?mod=invite&id=22258&c=sy38zl%20http://rs.xidian.edu.cn/home.php?mod=invite&id=22261&c=pqawsu
INFO: [ app_init ] --START--
INFO: Run Behavior\BuildLiteBehavior [ RunTime:0.000020s ]
INFO: [ app_init ] --END-- [ RunTime:0.000804s ]
INFO: [ app_begin ] --START--
INFO: Run Behavior\ReadHtmlCacheBehavior [ RunTime:0.000687s ]
INFO: [ app_begin ] --END-- [ RunTime:0.000768s ]
NOTIC: [8192] mysql_connect(): The mysql extension is deprecated and will be removed in the future: use mysqli or PDO instead E:\code\php\sssta\1\ThinkPHP\Library\Think\Db\Driver\Mysql.class.php 第 52 行.
SQL: SHOW COLUMNS FROM `sssta_rs_invite` [ RunTime:0.003552s ]

[ 2014-09-10T16:34:25+08:00 ] ::1 /1/index.php/Home/Xdu/rsinput?ip=http://rs.xidian.edu.cn/home.php?mod=invite&id=22255&c=hg3cd7%20http://rs.xidian.edu.cn/home.php?mod=invite&id=22258&c=sy38zl%20http://rs.xidian.edu.cn/home.php?mod=invite&id=22261&c=pqawsu
INFO: [ app_init ] --START--
INFO: Run Behavior\BuildLiteBehavior [ RunTime:0.000029s ]
INFO: [ app_init ] --END-- [ RunTime:0.000670s ]
INFO: [ app_begin ] --START--
INFO: Run Behavior\ReadHtmlCacheBehavior [ RunTime:0.001987s ]
INFO: [ app_begin ] --END-- [ RunTime:0.002447s ]
NOTIC: [8192] mysql_connect(): The mysql extension is deprecated and will be removed in the future: use mysqli or PDO instead E:\code\php\sssta\1\ThinkPHP\Library\Think\Db\Driver\Mysql.class.php 第 52 行.
SQL: SHOW COLUMNS FROM `sssta_rs_invite` [ RunTime:0.005198s ]

[ 2014-09-10T16:35:53+08:00 ] ::1 /1/index.php/Home/Xdu/rsinput?ip=http://rs.xidian.edu.cn/home.php?mod=invite&id=22255&c=hg3cd7%20http://rs.xidian.edu.cn/home.php?mod=invite&id=22258&c=sy38zl%20http://rs.xidian.edu.cn/home.php?mod=invite&id=22261&c=pqawsu
INFO: [ app_init ] --START--
INFO: Run Behavior\BuildLiteBehavior [ RunTime:0.000013s ]
INFO: [ app_init ] --END-- [ RunTime:0.000339s ]
INFO: [ app_begin ] --START--
INFO: Run Behavior\ReadHtmlCacheBehavior [ RunTime:0.000475s ]
INFO: [ app_begin ] --END-- [ RunTime:0.000523s ]
NOTIC: [8192] mysql_connect(): The mysql extension is deprecated and will be removed in the future: use mysqli or PDO instead E:\code\php\sssta\1\ThinkPHP\Library\Think\Db\Driver\Mysql.class.php 第 52 行.
SQL: SHOW COLUMNS FROM `sssta_rs_invite` [ RunTime:0.003816s ]

[ 2014-09-10T16:36:09+08:00 ] ::1 /1/index.php/Home/Xdu/rsinput?ip=http://rs.xidian.edu.cn/home.php?mod=invite&id=22255&c=hg3cd7%20http://rs.xidian.edu.cn/home.php?mod=invite&id=22258&c=sy38zl%20http://rs.xidian.edu.cn/home.php?mod=invite&id=22261&c=pqawsu
INFO: [ app_init ] --START--
INFO: Run Behavior\BuildLiteBehavior [ RunTime:0.000017s ]
INFO: [ app_init ] --END-- [ RunTime:0.000422s ]
INFO: [ app_begin ] --START--
INFO: Run Behavior\ReadHtmlCacheBehavior [ RunTime:0.000459s ]
INFO: [ app_begin ] --END-- [ RunTime:0.000512s ]
INFO: [ view_parse ] --START--
INFO: [ template_filter ] --START--
INFO: Run Behavior\ContentReplaceBehavior [ RunTime:0.000053s ]
INFO: [ template_filter ] --END-- [ RunTime:0.000151s ]
INFO: Run Behavior\ParseTemplateBehavior [ RunTime:0.006636s ]
INFO: [ view_parse ] --END-- [ RunTime:0.006699s ]
INFO: [ view_filter ] --START--
INFO: Run Behavior\WriteHtmlCacheBehavior [ RunTime:0.000349s ]
INFO: [ view_filter ] --END-- [ RunTime:0.000396s ]
INFO: [ app_end ] --START--
INFO: Run Behavior\ShowPageTraceBehavior [ RunTime:0.000662s ]
INFO: [ app_end ] --END-- [ RunTime:0.000714s ]

[ 2014-09-10T16:36:25+08:00 ] ::1 /1/index.php/Home/Xdu/rsinput?ip=http://rs.xidian.edu.cn/home.php?mod=invite&id=22255&c=hg3cd7%20http://rs.xidian.edu.cn/home.php?mod=invite&id=22258&c=sy38zl%20http://rs.xidian.edu.cn/home.php?mod=invite&id=22261&c=pqawsu
INFO: [ app_init ] --START--
INFO: Run Behavior\BuildLiteBehavior [ RunTime:0.000017s ]
INFO: [ app_init ] --END-- [ RunTime:0.000364s ]
INFO: [ app_begin ] --START--
INFO: Run Behavior\ReadHtmlCacheBehavior [ RunTime:0.000639s ]
INFO: [ app_begin ] --END-- [ RunTime:0.000701s ]
INFO: [ view_parse ] --START--
INFO: [ template_filter ] --START--
INFO: Run Behavior\ContentReplaceBehavior [ RunTime:0.000033s ]
INFO: [ template_filter ] --END-- [ RunTime:0.000109s ]
INFO: Run Behavior\ParseTemplateBehavior [ RunTime:0.004354s ]
INFO: [ view_parse ] --END-- [ RunTime:0.004447s ]
INFO: [ view_filter ] --START--
INFO: Run Behavior\WriteHtmlCacheBehavior [ RunTime:0.000236s ]
INFO: [ view_filter ] --END-- [ RunTime:0.000264s ]
INFO: [ app_end ] --START--
INFO: Run Behavior\ShowPageTraceBehavior [ RunTime:0.000330s ]
INFO: [ app_end ] --END-- [ RunTime:0.000361s ]

[ 2014-09-10T16:36:33+08:00 ] ::1 /1/index.php/Home/Xdu/rsinput?ip=http://rs.xidian.edu.cn/home.php?mod=invite&id=22255&c=hg3cd7%20http://rs.xidian.edu.cn/home.php?mod=invite&id=22258&c=sy38zl%20http://rs.xidian.edu.cn/home.php?mod=invite&id=22261&c=pqawsu
INFO: [ app_init ] --START--
INFO: Run Behavior\BuildLiteBehavior [ RunTime:0.000011s ]
INFO: [ app_init ] --END-- [ RunTime:0.000242s ]
INFO: [ app_begin ] --START--
INFO: Run Behavior\ReadHtmlCacheBehavior [ RunTime:0.000448s ]
INFO: [ app_begin ] --END-- [ RunTime:0.000514s ]
INFO: [ view_parse ] --START--
INFO: [ template_filter ] --START--
INFO: Run Behavior\ContentReplaceBehavior [ RunTime:0.000026s ]
INFO: [ template_filter ] --END-- [ RunTime:0.000070s ]
INFO: Run Behavior\ParseTemplateBehavior [ RunTime:0.004178s ]
INFO: [ view_parse ] --END-- [ RunTime:0.004339s ]
INFO: [ view_filter ] --START--
INFO: Run Behavior\WriteHtmlCacheBehavior [ RunTime:0.000187s ]
INFO: [ view_filter ] --END-- [ RunTime:0.000214s ]
INFO: [ app_end ] --START--
INFO: Run Behavior\ShowPageTraceBehavior [ RunTime:0.000329s ]
INFO: [ app_end ] --END-- [ RunTime:0.000360s ]

[ 2014-09-10T16:37:06+08:00 ] ::1 /1/index.php/Home/Xdu/rsinput?ip=http://rs.xidian.edu.cn/home.php?mod=invite&id=22255&c=hg3cd7%20http://rs.xidian.edu.cn/home.php?mod=invite&id=22258&c=sy38zl%20http://rs.xidian.edu.cn/home.php?mod=invite&id=22261&c=pqawsu
INFO: [ app_init ] --START--
INFO: Run Behavior\BuildLiteBehavior [ RunTime:0.000022s ]
INFO: [ app_init ] --END-- [ RunTime:0.000548s ]
INFO: [ app_begin ] --START--
INFO: Run Behavior\ReadHtmlCacheBehavior [ RunTime:0.000802s ]
INFO: [ app_begin ] --END-- [ RunTime:0.000907s ]
INFO: [ view_parse ] --START--
INFO: [ template_filter ] --START--
INFO: Run Behavior\ContentReplaceBehavior [ RunTime:0.000070s ]
INFO: [ template_filter ] --END-- [ RunTime:0.000177s ]
INFO: Run Behavior\ParseTemplateBehavior [ RunTime:0.009186s ]
INFO: [ view_parse ] --END-- [ RunTime:0.009256s ]
INFO: [ view_filter ] --START--
INFO: Run Behavior\WriteHtmlCacheBehavior [ RunTime:0.000278s ]
INFO: [ view_filter ] --END-- [ RunTime:0.000316s ]
INFO: [ app_end ] --START--
INFO: Run Behavior\ShowPageTraceBehavior [ RunTime:0.000442s ]
INFO: [ app_end ] --END-- [ RunTime:0.000487s ]

[ 2014-09-10T16:37:18+08:00 ] ::1 /1/index.php/Home/Xdu/rsinput?ip=http://rs.xidian.edu.cn/home.php?mod=invite&id=22255&c=hg3cd7%20http://rs.xidian.edu.cn/home.php?mod=invite&id=22258&c=sy38zl%20http://rs.xidian.edu.cn/home.php?mod=invite&id=22261&c=pqawsu
INFO: [ app_init ] --START--
INFO: Run Behavior\BuildLiteBehavior [ RunTime:0.000022s ]
INFO: [ app_init ] --END-- [ RunTime:0.000529s ]
INFO: [ app_begin ] --START--
INFO: Run Behavior\ReadHtmlCacheBehavior [ RunTime:0.000675s ]
INFO: [ app_begin ] --END-- [ RunTime:0.000757s ]
INFO: [ view_parse ] --START--
INFO: [ template_filter ] --START--
INFO: Run Behavior\ContentReplaceBehavior [ RunTime:0.000055s ]
INFO: [ template_filter ] --END-- [ RunTime:0.000147s ]
INFO: Run Behavior\ParseTemplateBehavior [ RunTime:0.010090s ]
INFO: [ view_parse ] --END-- [ RunTime:0.010174s ]
INFO: [ view_filter ] --START--
INFO: Run Behavior\WriteHtmlCacheBehavior [ RunTime:0.000427s ]
INFO: [ view_filter ] --END-- [ RunTime:0.000487s ]
INFO: [ app_end ] --START--
INFO: Run Behavior\ShowPageTraceBehavior [ RunTime:0.000713s ]
INFO: [ app_end ] --END-- [ RunTime:0.000779s ]

[ 2014-09-10T16:37:27+08:00 ] ::1 /1/index.php/Home/Xdu/rsinput
INFO: [ app_init ] --START--
INFO: Run Behavior\BuildLiteBehavior [ RunTime:0.000011s ]
INFO: [ app_init ] --END-- [ RunTime:0.000280s ]
INFO: [ app_begin ] --START--
INFO: Run Behavior\ReadHtmlCacheBehavior [ RunTime:0.000517s ]
INFO: [ app_begin ] --END-- [ RunTime:0.000582s ]
NOTIC: [8192] mysql_connect(): The mysql extension is deprecated and will be removed in the future: use mysqli or PDO instead E:\code\php\sssta\1\ThinkPHP\Library\Think\Db\Driver\Mysql.class.php 第 52 行.
SQL: SHOW COLUMNS FROM `sssta_rs_invite` [ RunTime:0.002818s ]

[ 2014-09-10T16:38:05+08:00 ] ::1 /1/index.php/Home/Xdu/rsinput
INFO: [ app_init ] --START--
INFO: Run Behavior\BuildLiteBehavior [ RunTime:0.000014s ]
INFO: [ app_init ] --END-- [ RunTime:0.000368s ]
INFO: [ app_begin ] --START--
INFO: Run Behavior\ReadHtmlCacheBehavior [ RunTime:0.000517s ]
INFO: [ app_begin ] --END-- [ RunTime:0.000575s ]
NOTIC: [8192] mysql_connect(): The mysql extension is deprecated and will be removed in the future: use mysqli or PDO instead E:\code\php\sssta\1\ThinkPHP\Library\Think\Db\Driver\Mysql.class.php 第 52 行.
SQL: SHOW COLUMNS FROM `sssta_rs_invite` [ RunTime:0.002496s ]

[ 2014-09-10T16:38:41+08:00 ] ::1 /1/index.php/Home/Xdu/rsinput
INFO: [ app_init ] --START--
INFO: Run Behavior\BuildLiteBehavior [ RunTime:0.000044s ]
INFO: [ app_init ] --END-- [ RunTime:0.000685s ]
INFO: [ app_begin ] --START--
INFO: Run Behavior\ReadHtmlCacheBehavior [ RunTime:0.000691s ]
INFO: [ app_begin ] --END-- [ RunTime:0.000798s ]
NOTIC: [8192] mysql_connect(): The mysql extension is deprecated and will be removed in the future: use mysqli or PDO instead E:\code\php\sssta\1\ThinkPHP\Library\Think\Db\Driver\Mysql.class.php 第 52 行.
SQL: SHOW COLUMNS FROM `sssta_rs_invite` [ RunTime:0.006062s ]

[ 2014-09-10T16:39:41+08:00 ] ::1 /1/index.php/Home/Xdu/rsinput
INFO: [ app_init ] --START--
INFO: Run Behavior\BuildLiteBehavior [ RunTime:0.000020s ]
INFO: [ app_init ] --END-- [ RunTime:0.000507s ]
INFO: [ app_begin ] --START--
INFO: Run Behavior\ReadHtmlCacheBehavior [ RunTime:0.000601s ]
INFO: [ app_begin ] --END-- [ RunTime:0.000675s ]
NOTIC: [8192] mysql_connect(): The mysql extension is deprecated and will be removed in the future: use mysqli or PDO instead E:\code\php\sssta\1\ThinkPHP\Library\Think\Db\Driver\Mysql.class.php 第 52 行.
SQL: SHOW COLUMNS FROM `sssta_rs_invite` [ RunTime:0.004537s ]

[ 2014-09-10T16:39:58+08:00 ] ::1 /1/index.php/Home/Xdu/rsinput
INFO: [ app_init ] --START--
INFO: Run Behavior\BuildLiteBehavior [ RunTime:0.000017s ]
INFO: [ app_init ] --END-- [ RunTime:0.000397s ]
INFO: [ app_begin ] --START--
INFO: Run Behavior\ReadHtmlCacheBehavior [ RunTime:0.000551s ]
INFO: [ app_begin ] --END-- [ RunTime:0.000623s ]
NOTIC: [8192] mysql_connect(): The mysql extension is deprecated and will be removed in the future: use mysqli or PDO instead E:\code\php\sssta\1\ThinkPHP\Library\Think\Db\Driver\Mysql.class.php 第 52 行.
SQL: SHOW COLUMNS FROM `sssta_rs_invite` [ RunTime:0.005284s ]

[ 2014-09-10T16:40:10+08:00 ] ::1 /1/index.php/Home/Xdu/rsinput
INFO: [ app_init ] --START--
INFO: Run Behavior\BuildLiteBehavior [ RunTime:0.000020s ]
INFO: [ app_init ] --END-- [ RunTime:0.000533s ]
INFO: [ app_begin ] --START--
INFO: Run Behavior\ReadHtmlCacheBehavior [ RunTime:0.000828s ]
INFO: [ app_begin ] --END-- [ RunTime:0.000904s ]
NOTIC: [8192] mysql_connect(): The mysql extension is deprecated and will be removed in the future: use mysqli or PDO instead E:\code\php\sssta\1\ThinkPHP\Library\Think\Db\Driver\Mysql.class.php 第 52 行.
SQL: SHOW COLUMNS FROM `sssta_rs_invite` [ RunTime:0.004510s ]

[ 2014-09-10T16:40:28+08:00 ] ::1 /1/index.php/Home/Xdu/rsinput
INFO: [ app_init ] --START--
INFO: Run Behavior\BuildLiteBehavior [ RunTime:0.000069s ]
INFO: [ app_init ] --END-- [ RunTime:0.000615s ]
INFO: [ app_begin ] --START--
INFO: Run Behavior\ReadHtmlCacheBehavior [ RunTime:0.000671s ]
INFO: [ app_begin ] --END-- [ RunTime:0.000799s ]
NOTIC: [8192] mysql_connect(): The mysql extension is deprecated and will be removed in the future: use mysqli or PDO instead E:\code\php\sssta\1\ThinkPHP\Library\Think\Db\Driver\Mysql.class.php 第 52 行.
SQL: SHOW COLUMNS FROM `sssta_rs_invite` [ RunTime:0.005466s ]

[ 2014-09-10T16:40:34+08:00 ] ::1 /1/index.php/Home/Xdu/rsinput
INFO: [ app_init ] --START--
INFO: Run Behavior\BuildLiteBehavior [ RunTime:0.000014s ]
INFO: [ app_init ] --END-- [ RunTime:0.000367s ]
INFO: [ app_begin ] --START--
INFO: Run Behavior\ReadHtmlCacheBehavior [ RunTime:0.000362s ]
INFO: [ app_begin ] --END-- [ RunTime:0.000414s ]
NOTIC: [8192] mysql_connect(): The mysql extension is deprecated and will be removed in the future: use mysqli or PDO instead E:\code\php\sssta\1\ThinkPHP\Library\Think\Db\Driver\Mysql.class.php 第 52 行.
SQL: SHOW COLUMNS FROM `sssta_rs_invite` [ RunTime:0.002263s ]

[ 2014-09-10T16:40:43+08:00 ] ::1 /1/index.php/Home/Xdu/rsinput
INFO: [ app_init ] --START--
INFO: Run Behavior\BuildLiteBehavior [ RunTime:0.000012s ]
INFO: [ app_init ] --END-- [ RunTime:0.000364s ]
INFO: [ app_begin ] --START--
INFO: Run Behavior\ReadHtmlCacheBehavior [ RunTime:0.000334s ]
INFO: [ app_begin ] --END-- [ RunTime:0.000370s ]
NOTIC: [8192] mysql_connect(): The mysql extension is deprecated and will be removed in the future: use mysqli or PDO instead E:\code\php\sssta\1\ThinkPHP\Library\Think\Db\Driver\Mysql.class.php 第 52 行.
SQL: SHOW COLUMNS FROM `sssta_rs_invite` [ RunTime:0.002321s ]

[ 2014-09-10T16:41:53+08:00 ] ::1 /1/index.php/Home/Xdu/rsinput
INFO: [ app_init ] --START--
INFO: Run Behavior\BuildLiteBehavior [ RunTime:0.000021s ]
INFO: [ app_init ] --END-- [ RunTime:0.000504s ]
INFO: [ app_begin ] --START--
INFO: Run Behavior\ReadHtmlCacheBehavior [ RunTime:0.000901s ]
INFO: [ app_begin ] --END-- [ RunTime:0.000988s ]
NOTIC: [8192] mysql_connect(): The mysql extension is deprecated and will be removed in the future: use mysqli or PDO instead E:\code\php\sssta\1\ThinkPHP\Library\Think\Db\Driver\Mysql.class.php 第 52 行.
SQL: SHOW COLUMNS FROM `sssta_rs_invite` [ RunTime:0.004821s ]

[ 2014-09-10T16:44:32+08:00 ] ::1 /1/index.php/Home/Xdu/rsinput
INFO: [ app_init ] --START--
INFO: Run Behavior\BuildLiteBehavior [ RunTime:0.000015s ]
INFO: [ app_init ] --END-- [ RunTime:0.000413s ]
INFO: [ app_begin ] --START--
INFO: Run Behavior\ReadHtmlCacheBehavior [ RunTime:0.000652s ]
INFO: [ app_begin ] --END-- [ RunTime:0.000774s ]
NOTIC: [8192] mysql_connect(): The mysql extension is deprecated and will be removed in the future: use mysqli or PDO instead E:\code\php\sssta\1\ThinkPHP\Library\Think\Db\Driver\Mysql.class.php 第 52 行.
SQL: SHOW COLUMNS FROM `sssta_rs_invite` [ RunTime:0.003664s ]
SQL: INSERT INTO `sssta_rs_invite` (`id`,`c`) VALUES (22255,'hg3cd7') [ RunTime:0.041507s ]
SQL: INSERT INTO `sssta_rs_invite` (`id`,`c`) VALUES (22258,'sy38zl') [ RunTime:0.030846s ]
SQL: INSERT INTO `sssta_rs_invite` (`id`,`c`) VALUES (22261,'pqawsu') [ RunTime:0.046601s ]
SQL: INSERT INTO `sssta_rs_invite` (`id`,`c`) VALUES (23747,'ruyghw') [ RunTime:0.030497s ]
SQL: INSERT INTO `sssta_rs_invite` (`id`,`c`) VALUES (23746,'hedotn') [ RunTime:0.035323s ]
SQL: INSERT INTO `sssta_rs_invite` (`id`,`c`) VALUES (23743,'gt7vka') [ RunTime:0.030533s ]
SQL: INSERT INTO `sssta_rs_invite` (`id`,`c`) VALUES (23742,'rtpppk') [ RunTime:0.068398s ]
SQL: INSERT INTO `sssta_rs_invite` (`id`,`c`) VALUES (23741,'usr0jc') [ RunTime:0.057728s ]
SQL: INSERT INTO `sssta_rs_invite` (`id`,`c`) VALUES (23739,'creg8h') [ RunTime:0.050788s ]
SQL: INSERT INTO `sssta_rs_invite` (`id`,`c`) VALUES (23737,'vkkkwe') [ RunTime:0.103449s ]
SQL: INSERT INTO `sssta_rs_invite` (`id`,`c`) VALUES (23736,'ypyszp') [ RunTime:0.052944s ]
SQL: INSERT INTO `sssta_rs_invite` (`id`,`c`) VALUES (23735,'emprmm') [ RunTime:0.030612s ]
INFO: [ view_parse ] --START--
INFO: [ template_filter ] --START--
INFO: Run Behavior\ContentReplaceBehavior [ RunTime:0.000042s ]
INFO: [ template_filter ] --END-- [ RunTime:0.000113s ]
INFO: Run Behavior\ParseTemplateBehavior [ RunTime:0.007868s ]
INFO: [ view_parse ] --END-- [ RunTime:0.007959s ]
INFO: [ view_filter ] --START--
INFO: Run Behavior\WriteHtmlCacheBehavior [ RunTime:0.000404s ]
INFO: [ view_filter ] --END-- [ RunTime:0.000468s ]
INFO: [ app_end ] --START--
INFO: Run Behavior\ShowPageTraceBehavior [ RunTime:0.001024s ]
INFO: [ app_end ] --END-- [ RunTime:0.001154s ]

[ 2014-09-10T16:45:50+08:00 ] ::1 /1/index.php/Home/Xdu/rsinput
INFO: [ app_init ] --START--
INFO: Run Behavior\BuildLiteBehavior [ RunTime:0.000021s ]
INFO: [ app_init ] --END-- [ RunTime:0.000913s ]
INFO: [ app_begin ] --START--
INFO: Run Behavior\ReadHtmlCacheBehavior [ RunTime:0.000404s ]
INFO: [ app_begin ] --END-- [ RunTime:0.000449s ]
NOTIC: [8192] mysql_connect(): The mysql extension is deprecated and will be removed in the future: use mysqli or PDO instead E:\code\php\sssta\1\ThinkPHP\Library\Think\Db\Driver\Mysql.class.php 第 52 行.
SQL: SHOW COLUMNS FROM `sssta_rs_invite` [ RunTime:0.003495s ]
SQL: INSERT INTO `sssta_rs_invite` (`id`,`c`) VALUES (22255,'hg3cd7') [ RunTime:0.105406s ]
SQL: INSERT INTO `sssta_rs_invite` (`id`,`c`) VALUES (22258,'sy38zl') [ RunTime:0.066510s ]
SQL: INSERT INTO `sssta_rs_invite` (`id`,`c`) VALUES (22261,'pqawsu') [ RunTime:0.166105s ]
SQL: INSERT INTO `sssta_rs_invite` (`id`,`c`) VALUES (23747,'ruyghw') [ RunTime:0.030509s ]
SQL: INSERT INTO `sssta_rs_invite` (`id`,`c`) VALUES (23746,'hedotn') [ RunTime:0.068924s ]
SQL: INSERT INTO `sssta_rs_invite` (`id`,`c`) VALUES (23743,'gt7vka') [ RunTime:0.066026s ]
SQL: INSERT INTO `sssta_rs_invite` (`id`,`c`) VALUES (23742,'rtpppk') [ RunTime:0.066016s ]
SQL: INSERT INTO `sssta_rs_invite` (`id`,`c`) VALUES (23741,'usr0jc') [ RunTime:0.030464s ]
SQL: INSERT INTO `sssta_rs_invite` (`id`,`c`) VALUES (23739,'creg8h') [ RunTime:0.035579s ]
SQL: INSERT INTO `sssta_rs_invite` (`id`,`c`) VALUES (23737,'vkkkwe') [ RunTime:0.030438s ]
SQL: INSERT INTO `sssta_rs_invite` (`id`,`c`) VALUES (23736,'ypyszp') [ RunTime:0.035612s ]
SQL: INSERT INTO `sssta_rs_invite` (`id`,`c`) VALUES (23735,'emprmm') [ RunTime:0.030679s ]
SQL: INSERT INTO `sssta_rs_invite` (`id`,`c`) VALUES (23721,'lablbl') [ RunTime:0.035690s ]
SQL: INSERT INTO `sssta_rs_invite` (`id`,`c`) VALUES (23718,'jlxxnw') [ RunTime:0.030567s ]
SQL: INSERT INTO `sssta_rs_invite` (`id`,`c`) VALUES (23716,'cizuw8') [ RunTime:0.057687s ]
SQL: INSERT INTO `sssta_rs_invite` (`id`,`c`) VALUES (23715,'iiaboo') [ RunTime:0.030332s ]
SQL: INSERT INTO `sssta_rs_invite` (`id`,`c`) VALUES (23714,'czdt9e') [ RunTime:0.046616s ]
SQL: INSERT INTO `sssta_rs_invite` (`id`,`c`) VALUES (23708,'t6gv7t') [ RunTime:0.030214s ]
SQL: INSERT INTO `sssta_rs_invite` (`id`,`c`) VALUES (23706,'foahuq') [ RunTime:0.035477s ]
SQL: INSERT INTO `sssta_rs_invite` (`id`,`c`) VALUES (23705,'c7jrwx') [ RunTime:0.031380s ]
SQL: INSERT INTO `sssta_rs_invite` (`id`,`c`) VALUES (22361,'lfxobi') [ RunTime:0.034261s ]
SQL: INSERT INTO `sssta_rs_invite` (`id`,`c`) VALUES (22333,'bfmwfm') [ RunTime:0.030671s ]
SQL: INSERT INTO `sssta_rs_invite` (`id`,`c`) VALUES (22331,'wwwjfw') [ RunTime:0.057719s ]
SQL: INSERT INTO `sssta_rs_invite` (`id`,`c`) VALUES (22330,'nc7pcm') [ RunTime:0.052514s ]
SQL: INSERT INTO `sssta_rs_invite` (`id`,`c`) VALUES (22267,'eu695l') [ RunTime:0.035435s ]
SQL: INSERT INTO `sssta_rs_invite` (`id`,`c`) VALUES (22266,'i3o009') [ RunTime:0.030522s ]
SQL: INSERT INTO `sssta_rs_invite` (`id`,`c`) VALUES (25453,'kqp501') [ RunTime:0.035356s ]
SQL: INSERT INTO `sssta_rs_invite` (`id`,`c`) VALUES (25452,'m0nc1a') [ RunTime:0.066100s ]
SQL: INSERT INTO `sssta_rs_invite` (`id`,`c`) VALUES (25451,'bleacx') [ RunTime:0.031045s ]
SQL: INSERT INTO `sssta_rs_invite` (`id`,`c`) VALUES (25450,'y11s8s') [ RunTime:0.034921s ]
SQL: INSERT INTO `sssta_rs_invite` (`id`,`c`) VALUES (25449,'pwgggq') [ RunTime:0.030887s ]
SQL: INSERT INTO `sssta_rs_invite` (`id`,`c`) VALUES (25448,'iqyt76') [ RunTime:0.034836s ]
SQL: INSERT INTO `sssta_rs_invite` (`id`,`c`) VALUES (25447,'otptka') [ RunTime:0.030801s ]
SQL: INSERT INTO `sssta_rs_invite` (`id`,`c`) VALUES (25446,'wu7fxu') [ RunTime:0.068054s ]
SQL: INSERT INTO `sssta_rs_invite` (`id`,`c`) VALUES (25445,'jee0cy') [ RunTime:0.066350s ]
SQL: INSERT INTO `sssta_rs_invite` (`id`,`c`) VALUES (25444,'vbb8e8') [ RunTime:0.030292s ]
SQL: INSERT INTO `sssta_rs_invite` (`id`,`c`) VALUES (25443,'c6kl8j') [ RunTime:0.035499s ]
SQL: INSERT INTO `sssta_rs_invite` (`id`,`c`) VALUES (25442,'g298zb') [ RunTime:0.030217s ]
SQL: INSERT INTO `sssta_rs_invite` (`id`,`c`) VALUES (25441,'i93gw3') [ RunTime:0.046455s ]
SQL: INSERT INTO `sssta_rs_invite` (`id`,`c`) VALUES (25440,'g3fnfw') [ RunTime:0.030491s ]
SQL: INSERT INTO `sssta_rs_invite` (`id`,`c`) VALUES (25439,'eb31iq') [ RunTime:0.046786s ]
SQL: INSERT INTO `sssta_rs_invite` (`id`,`c`) VALUES (25438,'hq27oc') [ RunTime:0.030199s ]
SQL: INSERT INTO `sssta_rs_invite` (`id`,`c`) VALUES (25436,'zili8b') [ RunTime:0.088003s ]
SQL: INSERT INTO `sssta_rs_invite` (`id`,`c`) VALUES (25435,'gjo131') [ RunTime:0.069301s ]
SQL: INSERT INTO `sssta_rs_invite` (`id`,`c`) VALUES (25434,'kq5tdt') [ RunTime:0.030174s ]
SQL: INSERT INTO `sssta_rs_invite` (`id`,`c`) VALUES (25433,'qz3qc9') [ RunTime:0.035131s ]
SQL: INSERT INTO `sssta_rs_invite` (`id`,`c`) VALUES (25473,'s0t3d7') [ RunTime:0.030120s ]
SQL: INSERT INTO `sssta_rs_invite` (`id`,`c`) VALUES (25472,'ull3he') [ RunTime:0.035820s ]
SQL: INSERT INTO `sssta_rs_invite` (`id`,`c`) VALUES (25471,'juu0s0') [ RunTime:0.030172s ]
SQL: INSERT INTO `sssta_rs_invite` (`id`,`c`) VALUES (25470,'ldd4tj') [ RunTime:0.035624s ]
SQL: INSERT INTO `sssta_rs_invite` (`id`,`c`) VALUES (25469,'n4ahm9') [ RunTime:0.029897s ]
SQL: INSERT INTO `sssta_rs_invite` (`id`,`c`) VALUES (25468,'pxs5xs') [ RunTime:0.035804s ]
SQL: INSERT INTO `sssta_rs_invite` (`id`,`c`) VALUES (25467,'b7s0n7') [ RunTime:0.030131s ]
SQL: INSERT INTO `sssta_rs_invite` (`id`,`c`) VALUES (25466,'ki9fiv') [ RunTime:0.035736s ]
SQL: INSERT INTO `sssta_rs_invite` (`id`,`c`) VALUES (25465,'s6zvn3') [ RunTime:0.030276s ]
SQL: INSERT INTO `sssta_rs_invite` (`id`,`c`) VALUES (25464,'wrm1yn') [ RunTime:0.035610s ]
SQL: INSERT INTO `sssta_rs_invite` (`id`,`c`) VALUES (25463,'mj71mn') [ RunTime:0.030167s ]
SQL: INSERT INTO `sssta_rs_invite` (`id`,`c`) VALUES (25462,'uls4j3') [ RunTime:0.035586s ]
SQL: INSERT INTO `sssta_rs_invite` (`id`,`c`) VALUES (25461,'mu585t') [ RunTime:0.066230s ]
SQL: INSERT INTO `sssta_rs_invite` (`id`,`c`) VALUES (25460,'q7h7wp') [ RunTime:0.066310s ]
SQL: INSERT INTO `sssta_rs_invite` (`id`,`c`) VALUES (25459,'mi9ta2') [ RunTime:0.052361s ]
SQL: INSERT INTO `sssta_rs_invite` (`id`,`c`) VALUES (25458,'lscslt') [ RunTime:0.055657s ]
SQL: INSERT INTO `sssta_rs_invite` (`id`,`c`) VALUES (25457,'jv4wt2') [ RunTime:0.046177s ]
SQL: INSERT INTO `sssta_rs_invite` (`id`,`c`) VALUES (25456,'q58rm6') [ RunTime:0.077267s ]
SQL: INSERT INTO `sssta_rs_invite` (`id`,`c`) VALUES (25455,'r4dm8a') [ RunTime:0.073915s ]
SQL: INSERT INTO `sssta_rs_invite` (`id`,`c`) VALUES (25454,'n2015d') [ RunTime:0.052504s ]
SQL: INSERT INTO `sssta_rs_invite` (`id`,`c`) VALUES (25508,'wm01cm') [ RunTime:0.083071s ]
SQL: INSERT INTO `sssta_rs_invite` (`id`,`c`) VALUES (25507,'doa9ij') [ RunTime:0.066374s ]
SQL: INSERT INTO `sssta_rs_invite` (`id`,`c`) VALUES (25506,'onsonc') [ RunTime:0.065923s ]
SQL: INSERT INTO `sssta_rs_invite` (`id`,`c`) VALUES (25505,'gt89zh') [ RunTime:0.043457s ]
SQL: INSERT INTO `sssta_rs_invite` (`id`,`c`) VALUES (25504,'czgco8') [ RunTime:0.066674s ]
SQL: INSERT INTO `sssta_rs_invite` (`id`,`c`) VALUES (25503,'pzfzgg') [ RunTime:0.088376s ]
SQL: INSERT INTO `sssta_rs_invite` (`id`,`c`) VALUES (25502,'dr3bpa') [ RunTime:0.059970s ]
SQL: INSERT INTO `sssta_rs_invite` (`id`,`c`) VALUES (25501,'a0jpcn') [ RunTime:0.061194s ]
SQL: INSERT INTO `sssta_rs_invite` (`id`,`c`) VALUES (25500,'vd4zmf') [ RunTime:0.208239s ]
SQL: INSERT INTO `sssta_rs_invite` (`id`,`c`) VALUES (25499,'nf235s') [ RunTime:0.057427s ]
SQL: INSERT INTO `sssta_rs_invite` (`id`,`c`) VALUES (25498,'tao0f3') [ RunTime:0.066168s ]
SQL: INSERT INTO `sssta_rs_invite` (`id`,`c`) VALUES (25497,'z8ueuh') [ RunTime:0.054980s ]
SQL: INSERT INTO `sssta_rs_invite` (`id`,`c`) VALUES (25496,'x51c5i') [ RunTime:0.055127s ]
SQL: INSERT INTO `sssta_rs_invite` (`id`,`c`) VALUES (25495,'e0z0vg') [ RunTime:0.077253s ]
SQL: INSERT INTO `sssta_rs_invite` (`id`,`c`) VALUES (25494,'m3kl9k') [ RunTime:0.041386s ]
SQL: INSERT INTO `sssta_rs_invite` (`id`,`c`) VALUES (25492,'pllorp') [ RunTime:0.079939s ]
SQL: INSERT INTO `sssta_rs_invite` (`id`,`c`) VALUES (25491,'csz3j2') [ RunTime:0.052458s ]
SQL: INSERT INTO `sssta_rs_invite` (`id`,`c`) VALUES (25490,'pv9t0t') [ RunTime:0.057785s ]
SQL: INSERT INTO `sssta_rs_invite` (`id`,`c`) VALUES (25489,'oubpbb') [ RunTime:0.052421s ]
SQL: INSERT INTO `sssta_rs_invite` (`id`,`c`) VALUES (25488,'bkhkyh') [ RunTime:0.057887s ]
SQL: INSERT INTO `sssta_rs_invite` (`id`,`c`) VALUES (25487,'zoqht0') [ RunTime:0.063538s ]
SQL: INSERT INTO `sssta_rs_invite` (`id`,`c`) VALUES (25486,'rhvsmh') [ RunTime:0.091149s ]
SQL: INSERT INTO `sssta_rs_invite` (`id`,`c`) VALUES (25485,'tvq1gd') [ RunTime:0.088564s ]
SQL: INSERT INTO `sssta_rs_invite` (`id`,`c`) VALUES (25484,'futfwo') [ RunTime:0.065871s ]
SQL: INSERT INTO `sssta_rs_invite` (`id`,`c`) VALUES (25483,'pmm2mq') [ RunTime:0.220200s ]
SQL: INSERT INTO `sssta_rs_invite` (`id`,`c`) VALUES (25482,'sc2ctg') [ RunTime:0.076211s ]
SQL: INSERT INTO `sssta_rs_invite` (`id`,`c`) VALUES (25481,'iaie66') [ RunTime:0.043802s ]
SQL: INSERT INTO `sssta_rs_invite` (`id`,`c`) VALUES (25480,'fp6bvh') [ RunTime:0.068638s ]
SQL: INSERT INTO `sssta_rs_invite` (`id`,`c`) VALUES (25479,'y1777r') [ RunTime:0.030452s ]
SQL: INSERT INTO `sssta_rs_invite` (`id`,`c`) VALUES (25478,'w3wsid') [ RunTime:0.035435s ]
SQL: INSERT INTO `sssta_rs_invite` (`id`,`c`) VALUES (25477,'d8owx1') [ RunTime:0.030437s ]
SQL: INSERT INTO `sssta_rs_invite` (`id`,`c`) VALUES (25476,'v73m92') [ RunTime:0.035386s ]
SQL: INSERT INTO `sssta_rs_invite` (`id`,`c`) VALUES (25475,'d6tz2g') [ RunTime:0.030273s ]
INFO: [ view_parse ] --START--
INFO: [ template_filter ] --START--
INFO: Run Behavior\ContentReplaceBehavior [ RunTime:0.000084s ]
INFO: [ template_filter ] --END-- [ RunTime:0.000210s ]
INFO: Run Behavior\ParseTemplateBehavior [ RunTime:0.014434s ]
INFO: [ view_parse ] --END-- [ RunTime:0.014582s ]
INFO: [ view_filter ] --START--
INFO: Run Behavior\WriteHtmlCacheBehavior [ RunTime:0.000764s ]
INFO: [ view_filter ] --END-- [ RunTime:0.000859s ]
INFO: [ app_end ] --START--
INFO: Run Behavior\ShowPageTraceBehavior [ RunTime:0.001134s ]
INFO: [ app_end ] --END-- [ RunTime:0.001244s ]

[ 2014-09-10T16:46:09+08:00 ] ::1 /1/index.php/Home/Xdu/rscheck?sid=1&name=1
INFO: [ app_init ] --START--
INFO: Run Behavior\BuildLiteBehavior [ RunTime:0.000021s ]
INFO: [ app_init ] --END-- [ RunTime:0.000581s ]
INFO: [ app_begin ] --START--
INFO: Run Behavior\ReadHtmlCacheBehavior [ RunTime:0.000641s ]
INFO: [ app_begin ] --END-- [ RunTime:0.000721s ]
NOTIC: [8192] mysql_connect(): The mysql extension is deprecated and will be removed in the future: use mysqli or PDO instead E:\code\php\sssta\1\ThinkPHP\Library\Think\Db\Driver\Mysql.class.php 第 52 行.
SQL: SHOW COLUMNS FROM `sssta_rs_invite` [ RunTime:0.004626s ]
SQL: SELECT COUNT(*) AS tp_count FROM `sssta_rs_invite` WHERE ( `sid` = '1' ) LIMIT 1   [ RunTime:0.000281s ]
SQL: SELECT * FROM `sssta_rs_invite` WHERE ( `used` = 0 ) LIMIT 1   [ RunTime:0.000236s ]
SQL: UPDATE `sssta_rs_invite` SET `sid`='1',`name`='1',`used`=1 WHERE ( `id` = 22255 ) [ RunTime:0.033246s ]
INFO: [ view_parse ] --START--
INFO: [ template_filter ] --START--
INFO: Run Behavior\ContentReplaceBehavior [ RunTime:0.000216s ]
INFO: [ template_filter ] --END-- [ RunTime:0.000612s ]
INFO: Run Behavior\ParseTemplateBehavior [ RunTime:0.016754s ]
INFO: [ view_parse ] --END-- [ RunTime:0.016899s ]
INFO: [ view_filter ] --START--
INFO: Run Behavior\WriteHtmlCacheBehavior [ RunTime:0.000672s ]
INFO: [ view_filter ] --END-- [ RunTime:0.000764s ]
INFO: [ app_end ] --START--
INFO: Run Behavior\ShowPageTraceBehavior [ RunTime:0.001296s ]
INFO: [ app_end ] --END-- [ RunTime:0.001403s ]

[ 2014-09-10T16:46:10+08:00 ] ::1 /1/index.php/Home/Xdu/rscheck?sid=1&name=1
INFO: [ app_init ] --START--
INFO: Run Behavior\BuildLiteBehavior [ RunTime:0.000021s ]
INFO: [ app_init ] --END-- [ RunTime:0.000563s ]
INFO: [ app_begin ] --START--
INFO: Run Behavior\ReadHtmlCacheBehavior [ RunTime:0.000663s ]
INFO: [ app_begin ] --END-- [ RunTime:0.000743s ]
NOTIC: [8192] mysql_connect(): The mysql extension is deprecated and will be removed in the future: use mysqli or PDO instead E:\code\php\sssta\1\ThinkPHP\Library\Think\Db\Driver\Mysql.class.php 第 52 行.
SQL: SHOW COLUMNS FROM `sssta_rs_invite` [ RunTime:0.003125s ]
SQL: SELECT COUNT(*) AS tp_count FROM `sssta_rs_invite` WHERE ( `sid` = '1' ) LIMIT 1   [ RunTime:0.000273s ]
INFO: [ view_parse ] --START--
INFO: [ template_filter ] --START--
INFO: Run Behavior\ContentReplaceBehavior [ RunTime:0.000027s ]
INFO: [ template_filter ] --END-- [ RunTime:0.000063s ]
INFO: Run Behavior\ParseTemplateBehavior [ RunTime:0.004633s ]
INFO: [ view_parse ] --END-- [ RunTime:0.004676s ]
INFO: [ view_filter ] --START--
INFO: Run Behavior\WriteHtmlCacheBehavior [ RunTime:0.000178s ]
INFO: [ view_filter ] --END-- [ RunTime:0.000204s ]
INFO: [ app_end ] --START--
INFO: Run Behavior\ShowPageTraceBehavior [ RunTime:0.000363s ]
INFO: [ app_end ] --END-- [ RunTime:0.000390s ]

